{"/home/travis/build/npmtest/node-npmtest-jquery.inputmask/test.js":{"path":"/home/travis/build/npmtest/node-npmtest-jquery.inputmask/test.js","s":{"1":2,"2":2,"3":2,"4":2,"5":2,"6":2,"7":2,"8":1,"9":2,"10":2,"11":1,"12":1,"13":1,"14":1,"15":2,"16":2,"17":2,"18":2,"19":1,"20":1,"21":2,"22":2,"23":2,"24":1,"25":1,"26":1,"27":1,"28":1,"29":1,"30":1,"31":1,"32":1,"33":1,"34":1,"35":1,"36":1,"37":1,"38":1,"39":2,"40":2,"41":1,"42":2,"43":2,"44":1,"45":2,"46":2,"47":1,"48":2,"49":2,"50":1,"51":1,"52":1,"53":1,"54":1},"b":{"1":[2,1,1,1],"2":[1,1,1,1],"3":[1,1],"4":[1,1],"5":[1,1],"6":[1,1],"7":[1,1],"8":[1,1],"9":[1,1],"10":[1,1,1],"11":[1,1],"12":[1,1],"13":[1,1],"14":[1,1],"15":[1,1],"16":[1,1],"17":[1,1]},"f":{"1":2,"2":2,"3":2,"4":2,"5":2,"6":1,"7":1,"8":1,"9":2,"10":2,"11":2,"12":2,"13":1},"fnMap":{"1":{"name":"(anonymous_1)","line":12,"loc":{"start":{"line":12,"column":1},"end":{"line":12,"column":13}}},"2":{"name":"(anonymous_2)","line":19,"loc":{"start":{"line":19,"column":5},"end":{"line":19,"column":17}}},"3":{"name":"(anonymous_3)","line":23,"loc":{"start":{"line":23,"column":24},"end":{"line":23,"column":36}}},"4":{"name":"(anonymous_4)","line":61,"loc":{"start":{"line":61,"column":5},"end":{"line":61,"column":17}}},"5":{"name":"(anonymous_5)","line":82,"loc":{"start":{"line":82,"column":5},"end":{"line":82,"column":17}}},"6":{"name":"(anonymous_6)","line":91,"loc":{"start":{"line":91,"column":77},"end":{"line":94,"column":10}}},"7":{"name":"(anonymous_7)","line":112,"loc":{"start":{"line":112,"column":83},"end":{"line":115,"column":10}},"skip":true},"8":{"name":"(anonymous_8)","line":123,"loc":{"start":{"line":123,"column":77},"end":{"line":126,"column":10}},"skip":true},"9":{"name":"(anonymous_9)","line":139,"loc":{"start":{"line":139,"column":12},"end":{"line":139,"column":40}},"skip":true},"10":{"name":"(anonymous_10)","line":147,"loc":{"start":{"line":147,"column":77},"end":{"line":150,"column":10}},"skip":true},"11":{"name":"(anonymous_11)","line":158,"loc":{"start":{"line":158,"column":83},"end":{"line":161,"column":10}},"skip":true},"12":{"name":"(anonymous_12)","line":169,"loc":{"start":{"line":169,"column":79},"end":{"line":172,"column":10}},"skip":true},"13":{"name":"(anonymous_13)","line":180,"loc":{"start":{"line":180,"column":75},"end":{"line":183,"column":10}},"skip":true}},"statementMap":{"1":{"start":{"line":12,"column":0},"end":{"line":195,"column":5}},"2":{"start":{"line":14,"column":4},"end":{"line":14,"column":14}},"3":{"start":{"line":19,"column":4},"end":{"line":56,"column":9}},"4":{"start":{"line":21,"column":8},"end":{"line":21,"column":19}},"5":{"start":{"line":23,"column":8},"end":{"line":35,"column":13}},"6":{"start":{"line":24,"column":12},"end":{"line":34,"column":13}},"7":{"start":{"line":25,"column":16},"end":{"line":28,"column":30}},"8":{"start":{"line":30,"column":16},"end":{"line":33,"column":27}},"9":{"start":{"line":37,"column":8},"end":{"line":39,"column":21}},"10":{"start":{"line":40,"column":8},"end":{"line":53,"column":9}},"11":{"start":{"line":43,"column":12},"end":{"line":46,"column":14}},"12":{"start":{"line":47,"column":12},"end":{"line":47,"column":18}},"13":{"start":{"line":50,"column":12},"end":{"line":51,"column":46}},"14":{"start":{"line":52,"column":12},"end":{"line":52,"column":18}},"15":{"start":{"line":55,"column":8},"end":{"line":55,"column":35}},"16":{"start":{"line":61,"column":4},"end":{"line":63,"column":9}},"17":{"start":{"line":62,"column":8},"end":{"line":62,"column":15}},"18":{"start":{"line":64,"column":4},"end":{"line":77,"column":5}},"19":{"start":{"line":70,"column":8},"end":{"line":70,"column":14}},"20":{"start":{"line":76,"column":8},"end":{"line":76,"column":14}},"21":{"start":{"line":82,"column":4},"end":{"line":84,"column":9}},"22":{"start":{"line":83,"column":8},"end":{"line":83,"column":15}},"23":{"start":{"line":85,"column":4},"end":{"line":194,"column":5}},"24":{"start":{"line":91,"column":8},"end":{"line":99,"column":10}},"25":{"start":{"line":98,"column":12},"end":{"line":98,"column":35}},"26":{"start":{"line":102,"column":8},"end":{"line":104,"column":63}},"27":{"start":{"line":105,"column":8},"end":{"line":105,"column":14}},"28":{"start":{"line":112,"column":8},"end":{"line":121,"column":10},"skip":true},"29":{"start":{"line":119,"column":12},"end":{"line":119,"column":55},"skip":true},"30":{"start":{"line":120,"column":12},"end":{"line":120,"column":48},"skip":true},"31":{"start":{"line":123,"column":8},"end":{"line":136,"column":10},"skip":true},"32":{"start":{"line":130,"column":12},"end":{"line":130,"column":76},"skip":true},"33":{"start":{"line":131,"column":12},"end":{"line":131,"column":73},"skip":true},"34":{"start":{"line":132,"column":12},"end":{"line":132,"column":74},"skip":true},"35":{"start":{"line":133,"column":12},"end":{"line":133,"column":79},"skip":true},"36":{"start":{"line":134,"column":12},"end":{"line":134,"column":25},"skip":true},"37":{"start":{"line":135,"column":12},"end":{"line":135,"column":45},"skip":true},"38":{"start":{"line":138,"column":8},"end":{"line":145,"column":14},"skip":true},"39":{"start":{"line":143,"column":16},"end":{"line":143,"column":29},"skip":true},"40":{"start":{"line":144,"column":16},"end":{"line":144,"column":55},"skip":true},"41":{"start":{"line":147,"column":8},"end":{"line":156,"column":10},"skip":true},"42":{"start":{"line":154,"column":12},"end":{"line":154,"column":25},"skip":true},"43":{"start":{"line":155,"column":12},"end":{"line":155,"column":45},"skip":true},"44":{"start":{"line":158,"column":8},"end":{"line":167,"column":10},"skip":true},"45":{"start":{"line":165,"column":12},"end":{"line":165,"column":25},"skip":true},"46":{"start":{"line":166,"column":12},"end":{"line":166,"column":48},"skip":true},"47":{"start":{"line":169,"column":8},"end":{"line":178,"column":10},"skip":true},"48":{"start":{"line":176,"column":12},"end":{"line":176,"column":25},"skip":true},"49":{"start":{"line":177,"column":12},"end":{"line":177,"column":46},"skip":true},"50":{"start":{"line":180,"column":8},"end":{"line":189,"column":10},"skip":true},"51":{"start":{"line":187,"column":12},"end":{"line":187,"column":94},"skip":true},"52":{"start":{"line":188,"column":12},"end":{"line":188,"column":48},"skip":true},"53":{"start":{"line":192,"column":8},"end":{"line":192,"column":35},"skip":true},"54":{"start":{"line":193,"column":8},"end":{"line":193,"column":14},"skip":true}},"branchMap":{"1":{"line":25,"type":"binary-expr","locations":[{"start":{"line":25,"column":23},"end":{"line":25,"column":62}},{"start":{"line":26,"column":20},"end":{"line":26,"column":70}},{"start":{"line":27,"column":20},"end":{"line":27,"column":71}},{"start":{"line":28,"column":20},"end":{"line":28,"column":29}}]},"2":{"line":30,"type":"binary-expr","locations":[{"start":{"line":30,"column":23},"end":{"line":30,"column":37}},{"start":{"line":31,"column":20},"end":{"line":31,"column":61}},{"start":{"line":32,"column":20},"end":{"line":32,"column":70}},{"start":{"line":33,"column":20},"end":{"line":33,"column":26}}]},"3":{"line":37,"type":"cond-expr","locations":[{"start":{"line":38,"column":14},"end":{"line":38,"column":20}},{"start":{"line":39,"column":14},"end":{"line":39,"column":20}}]},"4":{"line":40,"type":"switch","locations":[{"start":{"line":42,"column":8},"end":{"line":47,"column":18}},{"start":{"line":49,"column":8},"end":{"line":52,"column":18}}]},"5":{"line":44,"type":"binary-expr","locations":[{"start":{"line":44,"column":16},"end":{"line":44,"column":44}},{"start":{"line":44,"column":48},"end":{"line":44,"column":66}}]},"6":{"line":50,"type":"binary-expr","locations":[{"start":{"line":50,"column":21},"end":{"line":50,"column":49}},{"start":{"line":50,"column":53},"end":{"line":50,"column":72}}]},"7":{"line":64,"type":"switch","locations":[{"start":{"line":69,"column":4},"end":{"line":70,"column":14}},{"start":{"line":75,"column":4},"end":{"line":76,"column":14}}]},"8":{"line":85,"type":"switch","locations":[{"start":{"line":90,"column":4},"end":{"line":105,"column":14}},{"start":{"line":111,"column":4},"end":{"line":193,"column":14},"skip":true}]},"9":{"line":91,"type":"binary-expr","locations":[{"start":{"line":91,"column":42},"end":{"line":91,"column":73}},{"start":{"line":91,"column":77},"end":{"line":99,"column":9}}]},"10":{"line":102,"type":"binary-expr","locations":[{"start":{"line":102,"column":18},"end":{"line":102,"column":32}},{"start":{"line":103,"column":12},"end":{"line":103,"column":53}},{"start":{"line":104,"column":12},"end":{"line":104,"column":61}}]},"11":{"line":112,"type":"binary-expr","locations":[{"start":{"line":112,"column":45},"end":{"line":112,"column":79},"skip":true},{"start":{"line":112,"column":83},"end":{"line":121,"column":9},"skip":true}]},"12":{"line":123,"type":"binary-expr","locations":[{"start":{"line":123,"column":42},"end":{"line":123,"column":73},"skip":true},{"start":{"line":123,"column":77},"end":{"line":136,"column":9},"skip":true}]},"13":{"line":138,"type":"binary-expr","locations":[{"start":{"line":138,"column":48},"end":{"line":138,"column":85},"skip":true},{"start":{"line":139,"column":12},"end":{"line":145,"column":13},"skip":true}]},"14":{"line":147,"type":"binary-expr","locations":[{"start":{"line":147,"column":42},"end":{"line":147,"column":73},"skip":true},{"start":{"line":147,"column":77},"end":{"line":156,"column":9},"skip":true}]},"15":{"line":158,"type":"binary-expr","locations":[{"start":{"line":158,"column":45},"end":{"line":158,"column":79},"skip":true},{"start":{"line":158,"column":83},"end":{"line":167,"column":9},"skip":true}]},"16":{"line":169,"type":"binary-expr","locations":[{"start":{"line":169,"column":43},"end":{"line":169,"column":75},"skip":true},{"start":{"line":169,"column":79},"end":{"line":178,"column":9},"skip":true}]},"17":{"line":180,"type":"binary-expr","locations":[{"start":{"line":180,"column":41},"end":{"line":180,"column":71},"skip":true},{"start":{"line":180,"column":75},"end":{"line":189,"column":9},"skip":true}]}},"code":["/* istanbul instrument in package npmtest_jquery_inputmask */","/*jslint","    bitwise: true,","    browser: true,","    maxerr: 8,","    maxlen: 96,","    node: true,","    nomen: true,","    regexp: true,","    stupid: true","*/","(function () {","    'use strict';","    var local;","","","","    // run shared js-env code - pre-init","    (function () {","        // init local","        local = {};","        // init modeJs","        local.modeJs = (function () {","            try {","                return typeof navigator.userAgent === 'string' &&","                    typeof document.querySelector('body') === 'object' &&","                    typeof XMLHttpRequest.prototype.open === 'function' &&","                    'browser';","            } catch (errorCaughtBrowser) {","                return module.exports &&","                    typeof process.versions.node === 'string' &&","                    typeof require('http').createServer === 'function' &&","                    'node';","            }","        }());","        // init global","        local.global = local.modeJs === 'browser'","            ? window","            : global;","        switch (local.modeJs) {","        // re-init local from window.local","        case 'browser':","            local = local.global.utility2.objectSetDefault(","                local.global.utility2_rollup || local.global.local,","                local.global.utility2","            );","            break;","        // re-init local from example.js","        case 'node':","            local = (local.global.utility2_rollup || require('utility2'))","                .requireExampleJsFromReadme();","            break;","        }","        // export local","        local.global.local = local;","    }());","","","","    // run shared js-env code - function","    (function () {","        return;","    }());","    switch (local.modeJs) {","","","","    // run browser js-env code - function","    case 'browser':","        break;","","","","    // run node js-env code - function","    case 'node':","        break;","    }","","","","    // run shared js-env code - post-init","    (function () {","        return;","    }());","    switch (local.modeJs) {","","","","    // run browser js-env code - post-init","    case 'browser':","        local.testCase_browser_nullCase = local.testCase_browser_nullCase || function (","            options,","            onError","        ) {","        /*","         * this function will test browsers's null-case handling-behavior-behavior","         */","            onError(null, options);","        };","","        // run tests","        local.nop(local.modeTest &&","            document.querySelector('#testRunButton1') &&","            document.querySelector('#testRunButton1').click());","        break;","","","","    // run node js-env code - post-init","    /* istanbul ignore next */","    case 'node':","        local.testCase_buildApidoc_default = local.testCase_buildApidoc_default || function (","            options,","            onError","        ) {","        /*","         * this function will test buildApidoc's default handling-behavior-behavior","         */","            options = { modulePathList: module.paths };","            local.buildApidoc(options, onError);","        };","","        local.testCase_buildApp_default = local.testCase_buildApp_default || function (","            options,","            onError","        ) {","        /*","         * this function will test buildApp's default handling-behavior-behavior","         */","            local.testCase_buildReadme_default(options, local.onErrorThrow);","            local.testCase_buildLib_default(options, local.onErrorThrow);","            local.testCase_buildTest_default(options, local.onErrorThrow);","            local.testCase_buildCustomOrg_default(options, local.onErrorThrow);","            options = [];","            local.buildApp(options, onError);","        };","","        local.testCase_buildCustomOrg_default = local.testCase_buildCustomOrg_default ||","            function (options, onError) {","            /*","             * this function will test buildCustomOrg's default handling-behavior","             */","                options = {};","                local.buildCustomOrg(options, onError);","            };","","        local.testCase_buildLib_default = local.testCase_buildLib_default || function (","            options,","            onError","        ) {","        /*","         * this function will test buildLib's default handling-behavior","         */","            options = {};","            local.buildLib(options, onError);","        };","","        local.testCase_buildReadme_default = local.testCase_buildReadme_default || function (","            options,","            onError","        ) {","        /*","         * this function will test buildReadme's default handling-behavior-behavior","         */","            options = {};","            local.buildReadme(options, onError);","        };","","        local.testCase_buildTest_default = local.testCase_buildTest_default || function (","            options,","            onError","        ) {","        /*","         * this function will test buildTest's default handling-behavior","         */","            options = {};","            local.buildTest(options, onError);","        };","","        local.testCase_webpage_default = local.testCase_webpage_default || function (","            options,","            onError","        ) {","        /*","         * this function will test webpage's default handling-behavior","         */","            options = { modeCoverageMerge: true, url: local.serverLocalHost + '?modeTest=1' };","            local.browserTest(options, onError);","        };","","        // run test-server","        local.testRunServer(local);","        break;","    }","}());",""],"l":{"12":2,"14":2,"19":2,"21":2,"23":2,"24":2,"25":2,"30":1,"37":2,"40":2,"43":1,"47":1,"50":1,"52":1,"55":2,"61":2,"62":2,"64":2,"70":1,"76":1,"82":2,"83":2,"85":2,"91":1,"98":1,"102":1,"105":1,"112":1,"119":1,"120":1,"123":1,"130":1,"131":1,"132":1,"133":1,"134":1,"135":1,"138":1,"143":2,"144":2,"147":1,"154":2,"155":2,"158":1,"165":2,"166":2,"169":1,"176":2,"177":2,"180":1,"187":1,"188":1,"192":1,"193":1}},"/home/travis/build/npmtest/node-npmtest-jquery.inputmask/lib.npmtest_jquery.inputmask.js":{"path":"/home/travis/build/npmtest/node-npmtest-jquery.inputmask/lib.npmtest_jquery.inputmask.js","s":{"1":2,"2":2,"3":2,"4":2,"5":2,"6":2,"7":2,"8":1,"9":2,"10":2,"11":2,"12":2,"13":1,"14":1,"15":1,"16":1},"b":{"1":[2,1,1,1],"2":[1,1,1,1],"3":[1,1],"4":[2,2],"5":[1,1]},"f":{"1":2,"2":2,"3":2},"fnMap":{"1":{"name":"(anonymous_1)","line":12,"loc":{"start":{"line":12,"column":1},"end":{"line":12,"column":13}}},"2":{"name":"(anonymous_2)","line":19,"loc":{"start":{"line":19,"column":5},"end":{"line":19,"column":17}}},"3":{"name":"(anonymous_3)","line":23,"loc":{"start":{"line":23,"column":24},"end":{"line":23,"column":36}}}},"statementMap":{"1":{"start":{"line":12,"column":0},"end":{"line":53,"column":5}},"2":{"start":{"line":14,"column":4},"end":{"line":14,"column":14}},"3":{"start":{"line":19,"column":4},"end":{"line":52,"column":9}},"4":{"start":{"line":21,"column":8},"end":{"line":21,"column":19}},"5":{"start":{"line":23,"column":8},"end":{"line":35,"column":13}},"6":{"start":{"line":24,"column":12},"end":{"line":34,"column":13}},"7":{"start":{"line":25,"column":16},"end":{"line":28,"column":30}},"8":{"start":{"line":30,"column":16},"end":{"line":33,"column":27}},"9":{"start":{"line":37,"column":8},"end":{"line":39,"column":21}},"10":{"start":{"line":41,"column":8},"end":{"line":41,"column":54}},"11":{"start":{"line":43,"column":8},"end":{"line":43,"column":61}},"12":{"start":{"line":45,"column":8},"end":{"line":51,"column":9}},"13":{"start":{"line":46,"column":12},"end":{"line":46,"column":67}},"14":{"start":{"line":48,"column":12},"end":{"line":48,"column":35}},"15":{"start":{"line":49,"column":12},"end":{"line":49,"column":49}},"16":{"start":{"line":50,"column":12},"end":{"line":50,"column":43}}},"branchMap":{"1":{"line":25,"type":"binary-expr","locations":[{"start":{"line":25,"column":23},"end":{"line":25,"column":62}},{"start":{"line":26,"column":20},"end":{"line":26,"column":70}},{"start":{"line":27,"column":20},"end":{"line":27,"column":71}},{"start":{"line":28,"column":20},"end":{"line":28,"column":29}}]},"2":{"line":30,"type":"binary-expr","locations":[{"start":{"line":30,"column":23},"end":{"line":30,"column":37}},{"start":{"line":31,"column":20},"end":{"line":31,"column":61}},{"start":{"line":32,"column":20},"end":{"line":32,"column":70}},{"start":{"line":33,"column":20},"end":{"line":33,"column":26}}]},"3":{"line":37,"type":"cond-expr","locations":[{"start":{"line":38,"column":14},"end":{"line":38,"column":20}},{"start":{"line":39,"column":14},"end":{"line":39,"column":20}}]},"4":{"line":41,"type":"binary-expr","locations":[{"start":{"line":41,"column":16},"end":{"line":41,"column":44}},{"start":{"line":41,"column":48},"end":{"line":41,"column":53}}]},"5":{"line":45,"type":"if","locations":[{"start":{"line":45,"column":8},"end":{"line":45,"column":8}},{"start":{"line":45,"column":8},"end":{"line":45,"column":8}}]}},"code":["/* istanbul instrument in package npmtest_jquery_inputmask */","/*jslint","    bitwise: true,","    browser: true,","    maxerr: 8,","    maxlen: 96,","    node: true,","    nomen: true,","    regexp: true,","    stupid: true","*/","(function () {","    'use strict';","    var local;","","","","    // run shared js-env code - pre-init","    (function () {","        // init local","        local = {};","        // init modeJs","        local.modeJs = (function () {","            try {","                return typeof navigator.userAgent === 'string' &&","                    typeof document.querySelector('body') === 'object' &&","                    typeof XMLHttpRequest.prototype.open === 'function' &&","                    'browser';","            } catch (errorCaughtBrowser) {","                return module.exports &&","                    typeof process.versions.node === 'string' &&","                    typeof require('http').createServer === 'function' &&","                    'node';","            }","        }());","        // init global","        local.global = local.modeJs === 'browser'","            ? window","            : global;","        // init utility2_rollup","        local = local.global.utility2_rollup || local;","        // init lib","        local.local = local.npmtest_jquery_inputmask = local;","        // init exports","        if (local.modeJs === 'browser') {","            local.global.utility2_npmtest_jquery_inputmask = local;","        } else {","            module.exports = local;","            module.exports.__dirname = __dirname;","            module.exports.module = module;","        }","    }());","}());",""],"l":{"12":2,"14":2,"19":2,"21":2,"23":2,"24":2,"25":2,"30":1,"37":2,"41":2,"43":2,"45":2,"46":1,"48":1,"49":1,"50":1}},"/home/travis/build/npmtest/node-npmtest-jquery.inputmask/example.js":{"path":"/home/travis/build/npmtest/node-npmtest-jquery.inputmask/example.js","s":{"1":2,"2":2,"3":2,"4":2,"5":2,"6":2,"7":2,"8":1,"9":2,"10":2,"11":2,"12":2,"13":1,"14":2,"15":2,"16":2,"17":2,"18":2,"19":0,"20":2,"21":1,"22":1,"23":1,"24":1,"25":1,"26":0,"27":0,"28":1,"29":1,"30":2,"31":0,"32":0,"33":0,"34":1,"35":2,"36":2,"37":3,"38":3,"39":3,"40":3,"41":0,"42":3,"43":3,"44":3,"45":1,"46":3,"47":1,"48":1,"49":1,"50":1,"51":1,"52":1,"53":1,"54":1,"55":1,"56":1,"57":0,"58":1,"59":6,"60":6,"61":1,"62":2,"63":0,"64":2,"65":1,"66":1,"67":0,"68":0,"69":0,"70":0,"71":0,"72":0,"73":0,"74":0,"75":0,"76":0,"77":0,"78":0,"79":0,"80":0,"81":0,"82":0,"83":0},"b":{"1":[2,1,1,1],"2":[1,1,1,1],"3":[1,1],"4":[2,2],"5":[1,1],"6":[1,1],"7":[2,0],"8":[2,1,1,1,1,1],"9":[0,2,0],"10":[1,1],"11":[2,1,1],"12":[1,0],"13":[0,2],"14":[2,0,0,0,0,0,0],"15":[0,3],"16":[3,0],"17":[1,1],"18":[0,1],"19":[1,2,0,2],"20":[1,0],"21":[1,1],"22":[0,0],"23":[0,0],"24":[0,0],"25":[0,0],"26":[0,0],"27":[0,0],"28":[0,0]},"f":{"1":2,"2":2,"3":2,"4":2,"5":2,"6":2,"7":3,"8":3,"9":3,"10":1,"11":6,"12":0},"fnMap":{"1":{"name":"(anonymous_1)","line":26,"loc":{"start":{"line":26,"column":1},"end":{"line":26,"column":13}}},"2":{"name":"(anonymous_2)","line":33,"loc":{"start":{"line":33,"column":5},"end":{"line":33,"column":17}}},"3":{"name":"(anonymous_3)","line":37,"loc":{"start":{"line":37,"column":24},"end":{"line":37,"column":36}}},"4":{"name":"(anonymous_4)","line":69,"loc":{"start":{"line":69,"column":31},"end":{"line":69,"column":48}},"skip":true},"5":{"name":"(anonymous_5)","line":78,"loc":{"start":{"line":78,"column":26},"end":{"line":78,"column":45}},"skip":true},"6":{"name":"(anonymous_6)","line":123,"loc":{"start":{"line":123,"column":33},"end":{"line":123,"column":48}},"skip":true},"7":{"name":"(anonymous_7)","line":125,"loc":{"start":{"line":125,"column":27},"end":{"line":125,"column":39}},"skip":true},"8":{"name":"(anonymous_8)","line":133,"loc":{"start":{"line":133,"column":59},"end":{"line":133,"column":74}},"skip":true},"9":{"name":"(anonymous_9)","line":143,"loc":{"start":{"line":143,"column":45},"end":{"line":143,"column":62}},"skip":true},"10":{"name":"(anonymous_10)","line":144,"loc":{"start":{"line":144,"column":73},"end":{"line":144,"column":92}},"skip":true},"11":{"name":"(anonymous_11)","line":272,"loc":{"start":{"line":272,"column":51},"end":{"line":272,"column":77}},"skip":true},"12":{"name":"(anonymous_12)","line":315,"loc":{"start":{"line":315,"column":32},"end":{"line":315,"column":61}},"skip":true}},"statementMap":{"1":{"start":{"line":26,"column":0},"end":{"line":326,"column":5}},"2":{"start":{"line":28,"column":4},"end":{"line":28,"column":14}},"3":{"start":{"line":33,"column":4},"end":{"line":60,"column":9}},"4":{"start":{"line":35,"column":8},"end":{"line":35,"column":19}},"5":{"start":{"line":37,"column":8},"end":{"line":49,"column":13}},"6":{"start":{"line":38,"column":12},"end":{"line":48,"column":13}},"7":{"start":{"line":39,"column":16},"end":{"line":42,"column":30}},"8":{"start":{"line":44,"column":16},"end":{"line":47,"column":27}},"9":{"start":{"line":51,"column":8},"end":{"line":53,"column":21}},"10":{"start":{"line":55,"column":8},"end":{"line":57,"column":45}},"11":{"start":{"line":59,"column":8},"end":{"line":59,"column":35}},"12":{"start":{"line":61,"column":4},"end":{"line":325,"column":5}},"13":{"start":{"line":69,"column":8},"end":{"line":121,"column":10},"skip":true},"14":{"start":{"line":70,"column":12},"end":{"line":88,"column":13},"skip":true},"15":{"start":{"line":76,"column":16},"end":{"line":87,"column":19},"skip":true},"16":{"start":{"line":79,"column":20},"end":{"line":86,"column":21},"skip":true},"17":{"start":{"line":82,"column":24},"end":{"line":82,"column":43},"skip":true},"18":{"start":{"line":83,"column":24},"end":{"line":83,"column":30},"skip":true},"19":{"start":{"line":85,"column":24},"end":{"line":85,"column":49},"skip":true},"20":{"start":{"line":89,"column":12},"end":{"line":107,"column":13},"skip":true},"21":{"start":{"line":92,"column":16},"end":{"line":102,"column":17},"skip":true},"22":{"start":{"line":93,"column":20},"end":{"line":93,"column":86},"skip":true},"23":{"start":{"line":94,"column":20},"end":{"line":95,"column":45},"skip":true},"24":{"start":{"line":96,"column":20},"end":{"line":96,"column":42},"skip":true},"25":{"start":{"line":97,"column":20},"end":{"line":97,"column":48},"skip":true},"26":{"start":{"line":100,"column":20},"end":{"line":100,"column":85},"skip":true},"27":{"start":{"line":101,"column":20},"end":{"line":101,"column":96},"skip":true},"28":{"start":{"line":103,"column":16},"end":{"line":103,"column":22},"skip":true},"29":{"start":{"line":106,"column":16},"end":{"line":106,"column":22},"skip":true},"30":{"start":{"line":108,"column":12},"end":{"line":120,"column":13},"skip":true},"31":{"start":{"line":114,"column":16},"end":{"line":119,"column":17},"skip":true},"32":{"start":{"line":116,"column":20},"end":{"line":116,"column":78},"skip":true},"33":{"start":{"line":118,"column":20},"end":{"line":118,"column":47},"skip":true},"34":{"start":{"line":123,"column":8},"end":{"line":141,"column":11},"skip":true},"35":{"start":{"line":124,"column":12},"end":{"line":124,"column":54},"skip":true},"36":{"start":{"line":125,"column":12},"end":{"line":140,"column":14},"skip":true},"37":{"start":{"line":126,"column":16},"end":{"line":126,"column":28},"skip":true},"38":{"start":{"line":127,"column":16},"end":{"line":127,"column":69},"skip":true},"39":{"start":{"line":128,"column":16},"end":{"line":128,"column":75},"skip":true},"40":{"start":{"line":129,"column":16},"end":{"line":131,"column":17},"skip":true},"41":{"start":{"line":130,"column":20},"end":{"line":130,"column":27},"skip":true},"42":{"start":{"line":133,"column":16},"end":{"line":137,"column":36},"skip":true},"43":{"start":{"line":134,"column":20},"end":{"line":136,"column":55},"skip":true},"44":{"start":{"line":139,"column":16},"end":{"line":139,"column":57},"skip":true},"45":{"start":{"line":143,"column":8},"end":{"line":147,"column":11},"skip":true},"46":{"start":{"line":144,"column":12},"end":{"line":146,"column":15},"skip":true},"47":{"start":{"line":145,"column":16},"end":{"line":145,"column":70},"skip":true},"48":{"start":{"line":149,"column":8},"end":{"line":149,"column":31},"skip":true},"49":{"start":{"line":150,"column":8},"end":{"line":150,"column":14},"skip":true},"50":{"start":{"line":158,"column":8},"end":{"line":158,"column":31},"skip":true},"51":{"start":{"line":160,"column":8},"end":{"line":160,"column":33},"skip":true},"52":{"start":{"line":161,"column":8},"end":{"line":161,"column":37},"skip":true},"53":{"start":{"line":162,"column":8},"end":{"line":162,"column":35},"skip":true},"54":{"start":{"line":164,"column":8},"end":{"line":164,"column":50},"skip":true},"55":{"start":{"line":166,"column":8},"end":{"line":256,"column":2},"skip":true},"56":{"start":{"line":258,"column":8},"end":{"line":286,"column":9},"skip":true},"57":{"start":{"line":259,"column":12},"end":{"line":269,"column":14},"skip":true},"58":{"start":{"line":271,"column":12},"end":{"line":285,"column":19},"skip":true},"59":{"start":{"line":274,"column":20},"end":{"line":274,"column":35},"skip":true},"60":{"start":{"line":275,"column":20},"end":{"line":284,"column":21},"skip":true},"61":{"start":{"line":277,"column":24},"end":{"line":277,"column":64},"skip":true},"62":{"start":{"line":279,"column":24},"end":{"line":279,"column":40},"skip":true},"63":{"start":{"line":281,"column":24},"end":{"line":281,"column":40},"skip":true},"64":{"start":{"line":283,"column":24},"end":{"line":283,"column":39},"skip":true},"65":{"start":{"line":288,"column":8},"end":{"line":290,"column":9},"skip":true},"66":{"start":{"line":289,"column":12},"end":{"line":289,"column":18},"skip":true},"67":{"start":{"line":291,"column":8},"end":{"line":293,"column":54},"skip":true},"68":{"start":{"line":296,"column":8},"end":{"line":301,"column":37},"skip":true},"69":{"start":{"line":303,"column":8},"end":{"line":303,"column":82},"skip":true},"70":{"start":{"line":306,"column":8},"end":{"line":308,"column":9},"skip":true},"71":{"start":{"line":307,"column":12},"end":{"line":307,"column":82},"skip":true},"72":{"start":{"line":310,"column":8},"end":{"line":312,"column":9},"skip":true},"73":{"start":{"line":311,"column":12},"end":{"line":311,"column":18},"skip":true},"74":{"start":{"line":313,"column":8},"end":{"line":313,"column":54},"skip":true},"75":{"start":{"line":314,"column":8},"end":{"line":314,"column":69},"skip":true},"76":{"start":{"line":315,"column":8},"end":{"line":323,"column":36},"skip":true},"77":{"start":{"line":316,"column":12},"end":{"line":316,"column":61},"skip":true},"78":{"start":{"line":317,"column":12},"end":{"line":320,"column":13},"skip":true},"79":{"start":{"line":318,"column":16},"end":{"line":318,"column":75},"skip":true},"80":{"start":{"line":319,"column":16},"end":{"line":319,"column":23},"skip":true},"81":{"start":{"line":321,"column":12},"end":{"line":321,"column":38},"skip":true},"82":{"start":{"line":322,"column":12},"end":{"line":322,"column":27},"skip":true},"83":{"start":{"line":324,"column":8},"end":{"line":324,"column":14},"skip":true}},"branchMap":{"1":{"line":39,"type":"binary-expr","locations":[{"start":{"line":39,"column":23},"end":{"line":39,"column":62}},{"start":{"line":40,"column":20},"end":{"line":40,"column":70}},{"start":{"line":41,"column":20},"end":{"line":41,"column":71}},{"start":{"line":42,"column":20},"end":{"line":42,"column":29}}]},"2":{"line":44,"type":"binary-expr","locations":[{"start":{"line":44,"column":23},"end":{"line":44,"column":37}},{"start":{"line":45,"column":20},"end":{"line":45,"column":61}},{"start":{"line":46,"column":20},"end":{"line":46,"column":70}},{"start":{"line":47,"column":20},"end":{"line":47,"column":26}}]},"3":{"line":51,"type":"cond-expr","locations":[{"start":{"line":52,"column":14},"end":{"line":52,"column":20}},{"start":{"line":53,"column":14},"end":{"line":53,"column":20}}]},"4":{"line":55,"type":"binary-expr","locations":[{"start":{"line":55,"column":16},"end":{"line":55,"column":44}},{"start":{"line":55,"column":49},"end":{"line":57,"column":43}}]},"5":{"line":55,"type":"cond-expr","locations":[{"start":{"line":56,"column":14},"end":{"line":56,"column":60}},{"start":{"line":57,"column":14},"end":{"line":57,"column":43}}]},"6":{"line":61,"type":"switch","locations":[{"start":{"line":68,"column":4},"end":{"line":150,"column":14},"skip":true},{"start":{"line":156,"column":4},"end":{"line":324,"column":14},"skip":true}]},"7":{"line":70,"type":"if","locations":[{"start":{"line":70,"column":12},"end":{"line":70,"column":12},"skip":true},{"start":{"line":70,"column":12},"end":{"line":70,"column":12},"skip":true}]},"8":{"line":70,"type":"binary-expr","locations":[{"start":{"line":70,"column":16},"end":{"line":70,"column":22},"skip":true},{"start":{"line":70,"column":27},"end":{"line":70,"column":32},"skip":true},{"start":{"line":71,"column":20},"end":{"line":71,"column":39},"skip":true},{"start":{"line":72,"column":20},"end":{"line":72,"column":49},"skip":true},{"start":{"line":73,"column":20},"end":{"line":73,"column":58},"skip":true},{"start":{"line":74,"column":20},"end":{"line":74,"column":69},"skip":true}]},"9":{"line":79,"type":"switch","locations":[{"start":{"line":80,"column":20},"end":{"line":80,"column":33},"skip":true},{"start":{"line":81,"column":20},"end":{"line":83,"column":30},"skip":true},{"start":{"line":84,"column":20},"end":{"line":85,"column":49},"skip":true}]},"10":{"line":89,"type":"switch","locations":[{"start":{"line":90,"column":12},"end":{"line":103,"column":22},"skip":true},{"start":{"line":105,"column":12},"end":{"line":106,"column":22},"skip":true}]},"11":{"line":89,"type":"binary-expr","locations":[{"start":{"line":89,"column":20},"end":{"line":89,"column":25},"skip":true},{"start":{"line":89,"column":29},"end":{"line":89,"column":48},"skip":true},{"start":{"line":89,"column":52},"end":{"line":89,"column":74},"skip":true}]},"12":{"line":92,"type":"if","locations":[{"start":{"line":92,"column":16},"end":{"line":92,"column":16},"skip":true},{"start":{"line":92,"column":16},"end":{"line":92,"column":16},"skip":true}]},"13":{"line":108,"type":"if","locations":[{"start":{"line":108,"column":12},"end":{"line":108,"column":12},"skip":true},{"start":{"line":108,"column":12},"end":{"line":108,"column":12},"skip":true}]},"14":{"line":108,"type":"binary-expr","locations":[{"start":{"line":108,"column":16},"end":{"line":108,"column":61},"skip":true},{"start":{"line":108,"column":66},"end":{"line":108,"column":72},"skip":true},{"start":{"line":108,"column":77},"end":{"line":108,"column":82},"skip":true},{"start":{"line":109,"column":20},"end":{"line":109,"column":39},"skip":true},{"start":{"line":110,"column":20},"end":{"line":110,"column":49},"skip":true},{"start":{"line":111,"column":20},"end":{"line":111,"column":58},"skip":true},{"start":{"line":112,"column":20},"end":{"line":112,"column":68},"skip":true}]},"15":{"line":129,"type":"if","locations":[{"start":{"line":129,"column":16},"end":{"line":129,"column":16},"skip":true},{"start":{"line":129,"column":16},"end":{"line":129,"column":16},"skip":true}]},"16":{"line":134,"type":"cond-expr","locations":[{"start":{"line":135,"column":26},"end":{"line":135,"column":29},"skip":true},{"start":{"line":136,"column":26},"end":{"line":136,"column":54},"skip":true}]},"17":{"line":164,"type":"binary-expr","locations":[{"start":{"line":164,"column":27},"end":{"line":164,"column":43},"skip":true},{"start":{"line":164,"column":47},"end":{"line":164,"column":49},"skip":true}]},"18":{"line":258,"type":"if","locations":[{"start":{"line":258,"column":8},"end":{"line":258,"column":8},"skip":true},{"start":{"line":258,"column":8},"end":{"line":258,"column":8},"skip":true}]},"19":{"line":275,"type":"switch","locations":[{"start":{"line":276,"column":20},"end":{"line":277,"column":64},"skip":true},{"start":{"line":278,"column":20},"end":{"line":279,"column":40},"skip":true},{"start":{"line":280,"column":20},"end":{"line":281,"column":40},"skip":true},{"start":{"line":282,"column":20},"end":{"line":283,"column":39},"skip":true}]},"20":{"line":288,"type":"if","locations":[{"start":{"line":288,"column":8},"end":{"line":288,"column":8},"skip":true},{"start":{"line":288,"column":8},"end":{"line":288,"column":8},"skip":true}]},"21":{"line":288,"type":"binary-expr","locations":[{"start":{"line":288,"column":12},"end":{"line":288,"column":40},"skip":true},{"start":{"line":288,"column":44},"end":{"line":288,"column":67},"skip":true}]},"22":{"line":292,"type":"binary-expr","locations":[{"start":{"line":292,"column":12},"end":{"line":292,"column":50},"skip":true},{"start":{"line":293,"column":12},"end":{"line":293,"column":53},"skip":true}]},"23":{"line":297,"type":"binary-expr","locations":[{"start":{"line":297,"column":12},"end":{"line":297,"column":74},"skip":true},{"start":{"line":298,"column":12},"end":{"line":301,"column":36},"skip":true}]},"24":{"line":303,"type":"binary-expr","locations":[{"start":{"line":303,"column":43},"end":{"line":303,"column":75},"skip":true},{"start":{"line":303,"column":79},"end":{"line":303,"column":81},"skip":true}]},"25":{"line":306,"type":"if","locations":[{"start":{"line":306,"column":8},"end":{"line":306,"column":8},"skip":true},{"start":{"line":306,"column":8},"end":{"line":306,"column":8},"skip":true}]},"26":{"line":310,"type":"if","locations":[{"start":{"line":310,"column":8},"end":{"line":310,"column":8},"skip":true},{"start":{"line":310,"column":8},"end":{"line":310,"column":8},"skip":true}]},"27":{"line":313,"type":"binary-expr","locations":[{"start":{"line":313,"column":27},"end":{"line":313,"column":43},"skip":true},{"start":{"line":313,"column":47},"end":{"line":313,"column":53},"skip":true}]},"28":{"line":317,"type":"if","locations":[{"start":{"line":317,"column":12},"end":{"line":317,"column":12},"skip":true},{"start":{"line":317,"column":12},"end":{"line":317,"column":12},"skip":true}]}},"code":["/*","example.js","","quickstart example","","instruction","    1. save this script as example.js","    2. run the shell command:","        $ npm install npmtest-jquery.inputmask && PORT=8081 node example.js","    3. play with the browser-demo on http://127.0.0.1:8081","*/","","","","/* istanbul instrument in package npmtest_jquery_inputmask */","/*jslint","    bitwise: true,","    browser: true,","    maxerr: 8,","    maxlen: 96,","    node: true,","    nomen: true,","    regexp: true,","    stupid: true","*/","(function () {","    'use strict';","    var local;","","","","    // run shared js-env code - pre-init","    (function () {","        // init local","        local = {};","        // init modeJs","        local.modeJs = (function () {","            try {","                return typeof navigator.userAgent === 'string' &&","                    typeof document.querySelector('body') === 'object' &&","                    typeof XMLHttpRequest.prototype.open === 'function' &&","                    'browser';","            } catch (errorCaughtBrowser) {","                return module.exports &&","                    typeof process.versions.node === 'string' &&","                    typeof require('http').createServer === 'function' &&","                    'node';","            }","        }());","        // init global","        local.global = local.modeJs === 'browser'","            ? window","            : global;","        // init utility2_rollup","        local = local.global.utility2_rollup || (local.modeJs === 'browser'","            ? local.global.utility2_npmtest_jquery_inputmask","            : global.utility2_moduleExports);","        // export local","        local.global.local = local;","    }());","    switch (local.modeJs) {","","","","    // post-init","    // run browser js-env code - post-init","    /* istanbul ignore next */","    case 'browser':","        local.testRunBrowser = function (event) {","            if (!event || (event &&","                    event.currentTarget &&","                    event.currentTarget.className &&","                    event.currentTarget.className.includes &&","                    event.currentTarget.className.includes('onreset'))) {","                // reset output","                Array.from(","                    document.querySelectorAll('body > .resettable')","                ).forEach(function (element) {","                    switch (element.tagName) {","                    case 'INPUT':","                    case 'TEXTAREA':","                        element.value = '';","                        break;","                    default:","                        element.textContent = '';","                    }","                });","            }","            switch (event && event.currentTarget && event.currentTarget.id) {","            case 'testRunButton1':","                // show tests","                if (document.querySelector('#testReportDiv1').style.display === 'none') {","                    document.querySelector('#testReportDiv1').style.display = 'block';","                    document.querySelector('#testRunButton1').textContent =","                        'hide internal test';","                    local.modeTest = true;","                    local.testRunDefault(local);","                // hide tests","                } else {","                    document.querySelector('#testReportDiv1').style.display = 'none';","                    document.querySelector('#testRunButton1').textContent = 'run internal test';","                }","                break;","            // custom-case","            default:","                break;","            }","            if (document.querySelector('#inputTextareaEval1') && (!event || (event &&","                    event.currentTarget &&","                    event.currentTarget.className &&","                    event.currentTarget.className.includes &&","                    event.currentTarget.className.includes('oneval')))) {","                // try to eval input-code","                try {","                    /*jslint evil: true*/","                    eval(document.querySelector('#inputTextareaEval1').value);","                } catch (errorCaught) {","                    console.error(errorCaught);","                }","            }","        };","        // log stderr and stdout to #outputTextareaStdout1","        ['error', 'log'].forEach(function (key) {","            console[key + '_original'] = console[key];","            console[key] = function () {","                var element;","                console[key + '_original'].apply(console, arguments);","                element = document.querySelector('#outputTextareaStdout1');","                if (!element) {","                    return;","                }","                // append text to #outputTextareaStdout1","                element.value += Array.from(arguments).map(function (arg) {","                    return typeof arg === 'string'","                        ? arg","                        : JSON.stringify(arg, null, 4);","                }).join(' ') + '\\n';","                // scroll textarea to bottom","                element.scrollTop = element.scrollHeight;","            };","        });","        // init event-handling","        ['change', 'click', 'keyup'].forEach(function (event) {","            Array.from(document.querySelectorAll('.on' + event)).forEach(function (element) {","                element.addEventListener(event, local.testRunBrowser);","            });","        });","        // run tests","        local.testRunBrowser();","        break;","","","","    // run node js-env code - post-init","    /* istanbul ignore next */","    case 'node':","        // export local","        module.exports = local;","        // require modules","        local.fs = require('fs');","        local.http = require('http');","        local.url = require('url');","        // init assets","        local.assetsDict = local.assetsDict || {};","        /* jslint-ignore-begin */","        local.assetsDict['/assets.index.template.html'] = '\\","<!doctype html>\\n\\","<html lang=\"en\">\\n\\","<head>\\n\\","<meta charset=\"UTF-8\">\\n\\","<meta name=\"viewport\" content=\"width=device-width, initial-scale=1\">\\n\\","<title>{{env.npm_package_name}} (v{{env.npm_package_version}})</title>\\n\\","<style>\\n\\","/*csslint\\n\\","    box-sizing: false,\\n\\","    universal-selector: false\\n\\","*/\\n\\","* {\\n\\","    box-sizing: border-box;\\n\\","}\\n\\","body {\\n\\","    background: #dde;\\n\\","    font-family: Arial, Helvetica, sans-serif;\\n\\","    margin: 2rem;\\n\\","}\\n\\","body > * {\\n\\","    margin-bottom: 1rem;\\n\\","}\\n\\",".utility2FooterDiv {\\n\\","    margin-top: 20px;\\n\\","    text-align: center;\\n\\","}\\n\\","</style>\\n\\","<style>\\n\\","/*csslint\\n\\","*/\\n\\","textarea {\\n\\","    font-family: monospace;\\n\\","    height: 10rem;\\n\\","    width: 100%;\\n\\","}\\n\\","textarea[readonly] {\\n\\","    background: #ddd;\\n\\","}\\n\\","</style>\\n\\","</head>\\n\\","<body>\\n\\","<!-- utility2-comment\\n\\","<div id=\"ajaxProgressDiv1\" style=\"background: #d00; height: 2px; left: 0; margin: 0; padding: 0; position: fixed; top: 0; transition: background 0.5s, width 1.5s; width: 25%;\"></div>\\n\\","utility2-comment -->\\n\\","<h1>\\n\\","<!-- utility2-comment\\n\\","    <a\\n\\","        {{#if env.npm_package_homepage}}\\n\\","        href=\"{{env.npm_package_homepage}}\"\\n\\","        {{/if env.npm_package_homepage}}\\n\\","        target=\"_blank\"\\n\\","    >\\n\\","utility2-comment -->\\n\\","        {{env.npm_package_name}} (v{{env.npm_package_version}})\\n\\","<!-- utility2-comment\\n\\","    </a>\\n\\","utility2-comment -->\\n\\","</h1>\\n\\","<h3>{{env.npm_package_description}}</h3>\\n\\","<!-- utility2-comment\\n\\","<h4><a download href=\"assets.app.js\">download standalone app</a></h4>\\n\\","<button class=\"onclick onreset\" id=\"testRunButton1\">run internal test</button><br>\\n\\","<div id=\"testReportDiv1\" style=\"display: none;\"></div>\\n\\","utility2-comment -->\\n\\","\\n\\","\\n\\","\\n\\","<label>stderr and stdout</label>\\n\\","<textarea class=\"resettable\" id=\"outputTextareaStdout1\" readonly></textarea>\\n\\","<!-- utility2-comment\\n\\","{{#if isRollup}}\\n\\","<script src=\"assets.app.js\"></script>\\n\\","{{#unless isRollup}}\\n\\","utility2-comment -->\\n\\","<script src=\"assets.utility2.rollup.js\"></script>\\n\\","<script src=\"jsonp.utility2._stateInit?callback=window.utility2._stateInit\"></script>\\n\\","<script src=\"assets.npmtest_jquery_inputmask.rollup.js\"></script>\\n\\","<script src=\"assets.example.js\"></script>\\n\\","<script src=\"assets.test.js\"></script>\\n\\","<!-- utility2-comment\\n\\","{{/if isRollup}}\\n\\","utility2-comment -->\\n\\","<div class=\"utility2FooterDiv\">\\n\\","    [ this app was created with\\n\\","    <a href=\"https://github.com/kaizhu256/node-utility2\" target=\"_blank\">utility2</a>\\n\\","    ]\\n\\","</div>\\n\\","</body>\\n\\","</html>\\n\\","';","        /* jslint-ignore-end */","        if (local.templateRender) {","            local.assetsDict['/'] = local.templateRender(","                local.assetsDict['/assets.index.template.html'],","                {","                    env: local.objectSetDefault(local.env, {","                        npm_package_description: 'the greatest app in the world!',","                        npm_package_name: 'my-app',","                        npm_package_nameAlias: 'my_app',","                        npm_package_version: '0.0.1'","                    })","                }","            );","        } else {","            local.assetsDict['/'] = local.assetsDict['/assets.index.template.html']","                .replace((/\\{\\{env\\.(\\w+?)\\}\\}/g), function (match0, match1) {","                    // jslint-hack","                    String(match0);","                    switch (match1) {","                    case 'npm_package_description':","                        return 'the greatest app in the world!';","                    case 'npm_package_name':","                        return 'my-app';","                    case 'npm_package_nameAlias':","                        return 'my_app';","                    case 'npm_package_version':","                        return '0.0.1';","                    }","                });","        }","        // run the cli","        if (local.global.utility2_rollup || module !== require.main) {","            break;","        }","        local.assetsDict['/assets.example.js'] =","            local.assetsDict['/assets.example.js'] ||","            local.fs.readFileSync(__filename, 'utf8');","        // bug-workaround - long $npm_package_buildCustomOrg","        /* jslint-ignore-begin */","        local.assetsDict['/assets.npmtest_jquery_inputmask.rollup.js'] =","            local.assetsDict['/assets.npmtest_jquery_inputmask.rollup.js'] ||","            local.fs.readFileSync(","                local.npmtest_jquery_inputmask.__dirname + '/lib.npmtest_jquery_inputmask.js',","                'utf8'","            ).replace((/^#!/), '//');","        /* jslint-ignore-end */","        local.assetsDict['/favicon.ico'] = local.assetsDict['/favicon.ico'] || '';","        // if $npm_config_timeout_exit exists,","        // then exit this process after $npm_config_timeout_exit ms","        if (Number(process.env.npm_config_timeout_exit)) {","            setTimeout(process.exit, Number(process.env.npm_config_timeout_exit));","        }","        // start server","        if (local.global.utility2_serverHttp1) {","            break;","        }","        process.env.PORT = process.env.PORT || '8081';","        console.error('server starting on port ' + process.env.PORT);","        local.http.createServer(function (request, response) {","            request.urlParsed = local.url.parse(request.url);","            if (local.assetsDict[request.urlParsed.pathname] !== undefined) {","                response.end(local.assetsDict[request.urlParsed.pathname]);","                return;","            }","            response.statusCode = 404;","            response.end();","        }).listen(process.env.PORT);","        break;","    }","}());",""],"l":{"26":2,"28":2,"33":2,"35":2,"37":2,"38":2,"39":2,"44":1,"51":2,"55":2,"59":2,"61":2,"69":1,"70":2,"76":2,"79":2,"82":2,"83":2,"85":1,"89":2,"92":1,"93":1,"94":1,"96":1,"97":1,"100":1,"101":1,"103":1,"106":1,"108":2,"114":1,"116":1,"118":1,"123":1,"124":2,"125":2,"126":3,"127":3,"128":3,"129":3,"130":1,"133":3,"134":3,"139":3,"143":1,"144":3,"145":1,"149":1,"150":1,"158":1,"160":1,"161":1,"162":1,"164":1,"166":1,"258":1,"259":1,"271":1,"274":6,"275":6,"277":1,"279":2,"281":1,"283":2,"288":1,"289":1,"291":1,"296":1,"303":1,"306":1,"307":1,"310":1,"311":1,"313":1,"314":1,"315":1,"316":1,"317":1,"318":1,"319":1,"321":1,"322":1,"324":1}},"/home/travis/build/npmtest/node-npmtest-jquery.inputmask/node_modules/jquery.inputmask/index.js":{"path":"/home/travis/build/npmtest/node-npmtest-jquery.inputmask/node_modules/jquery.inputmask/index.js","s":{"1":2,"2":0,"3":0,"4":0,"5":0,"6":0,"7":0,"8":0},"b":{},"f":{},"fnMap":{},"statementMap":{"1":{"start":{"line":1,"column":0},"end":{"line":1,"column":52}},"2":{"start":{"line":2,"column":0},"end":{"line":2,"column":55}},"3":{"start":{"line":3,"column":0},"end":{"line":3,"column":49}},"4":{"start":{"line":4,"column":0},"end":{"line":4,"column":54}},"5":{"start":{"line":5,"column":0},"end":{"line":5,"column":57}},"6":{"start":{"line":6,"column":0},"end":{"line":6,"column":55}},"7":{"start":{"line":7,"column":0},"end":{"line":7,"column":55}},"8":{"start":{"line":8,"column":0},"end":{"line":8,"column":45}}},"branchMap":{},"code":["require(\"./dist/inputmask/inputmask.dependencyLib\");","module.exports = require(\"./dist/inputmask/inputmask\");","require(\"./dist/inputmask/inputmask.extensions\");","require(\"./dist/inputmask/inputmask.date.extensions\");","require(\"./dist/inputmask/inputmask.numeric.extensions\");","require(\"./dist/inputmask/inputmask.phone.extensions\");","require(\"./dist/inputmask/inputmask.regex.extensions\");","require(\"./dist/inputmask/jquery.inputmask\");",""],"l":{"1":2,"2":0,"3":0,"4":0,"5":0,"6":0,"7":0,"8":0}},"/home/travis/build/npmtest/node-npmtest-jquery.inputmask/node_modules/jquery.inputmask/dist/inputmask/inputmask.dependencyLib.js":{"path":"/home/travis/build/npmtest/node-npmtest-jquery.inputmask/node_modules/jquery.inputmask/dist/inputmask/inputmask.dependencyLib.js","s":{"1":2,"2":2,"3":0},"b":{"1":[0,2],"2":[2,0],"3":[2,0]},"f":{"1":2,"2":0},"fnMap":{"1":{"name":"(anonymous_1)","line":8,"loc":{"start":{"line":8,"column":1},"end":{"line":8,"column":19}}},"2":{"name":"(anonymous_2)","line":10,"loc":{"start":{"line":10,"column":2},"end":{"line":10,"column":14}}}},"statementMap":{"1":{"start":{"line":8,"column":0},"end":{"line":12,"column":3}},"2":{"start":{"line":9,"column":4},"end":{"line":9,"column":198}},"3":{"start":{"line":11,"column":4},"end":{"line":11,"column":39}}},"branchMap":{"1":{"line":9,"type":"cond-expr","locations":[{"start":{"line":9,"column":48},"end":{"line":9,"column":104}},{"start":{"line":9,"column":107},"end":{"line":9,"column":197}}]},"2":{"line":9,"type":"binary-expr","locations":[{"start":{"line":9,"column":4},"end":{"line":9,"column":31}},{"start":{"line":9,"column":35},"end":{"line":9,"column":45}}]},"3":{"line":9,"type":"cond-expr","locations":[{"start":{"line":9,"column":136},"end":{"line":9,"column":179}},{"start":{"line":9,"column":182},"end":{"line":9,"column":197}}]}},"code":["/*!","* inputmask.dependencyLib.js","* https://github.com/RobinHerbots/jquery.inputmask","* Copyright (c) 2010 - 2016 Robin Herbots","* Licensed under the MIT license (http://www.opensource.org/licenses/mit-license.php)","* Version: 3.3.4","*/","!function(factory) {","    \"function\" == typeof define && define.amd ? define(\"inputmask.dependencyLib\", [ \"jquery\" ], factory) : \"object\" == typeof exports ? module.exports = factory(require(\"jquery\")) : factory(jQuery);","}(function($) {","    return window.dependencyLib = $, $;","});"],"l":{"8":2,"9":2,"11":0}},"/home/travis/build/npmtest/node-npmtest-jquery.inputmask/node_modules/jquery.inputmask/extra/bindings/inputmask.binding.js":{"path":"/home/travis/build/npmtest/node-npmtest-jquery.inputmask/node_modules/jquery.inputmask/extra/bindings/inputmask.binding.js","s":{"1":2,"2":2,"3":0,"4":2,"5":2,"6":0,"7":0,"8":0,"9":0,"10":0,"11":0,"12":0,"13":0,"14":0},"b":{"1":[0,2],"2":[2,0],"3":[2,0],"4":[0,0],"5":[0,0],"6":[0,0]},"f":{"1":2,"2":0,"3":0,"4":0,"5":0,"6":0},"fnMap":{"1":{"name":"(anonymous_1)","line":7,"loc":{"start":{"line":7,"column":1},"end":{"line":7,"column":20}}},"2":{"name":"(anonymous_2)","line":16,"loc":{"start":{"line":16,"column":1},"end":{"line":16,"column":25}}},"3":{"name":"(anonymous_3)","line":17,"loc":{"start":{"line":17,"column":26},"end":{"line":17,"column":72}}},"4":{"name":"(anonymous_4)","line":19,"loc":{"start":{"line":19,"column":89},"end":{"line":19,"column":110}}},"5":{"name":"(anonymous_5)","line":25,"loc":{"start":{"line":25,"column":10},"end":{"line":25,"column":22}}},"6":{"name":"(anonymous_6)","line":26,"loc":{"start":{"line":26,"column":88},"end":{"line":26,"column":109}}}},"statementMap":{"1":{"start":{"line":7,"column":0},"end":{"line":32,"column":4}},"2":{"start":{"line":8,"column":1},"end":{"line":14,"column":2}},"3":{"start":{"line":9,"column":2},"end":{"line":9,"column":43}},"4":{"start":{"line":10,"column":8},"end":{"line":14,"column":2}},"5":{"start":{"line":11,"column":2},"end":{"line":11,"column":70}},"6":{"start":{"line":13,"column":2},"end":{"line":13,"column":36}},"7":{"start":{"line":17,"column":1},"end":{"line":31,"column":4}},"8":{"start":{"line":18,"column":2},"end":{"line":24,"column":3}},"9":{"start":{"line":19,"column":3},"end":{"line":23,"column":6}},"10":{"start":{"line":20,"column":4},"end":{"line":22,"column":5}},"11":{"start":{"line":21,"column":5},"end":{"line":21,"column":28}},"12":{"start":{"line":26,"column":2},"end":{"line":30,"column":5}},"13":{"start":{"line":27,"column":3},"end":{"line":29,"column":4}},"14":{"start":{"line":28,"column":4},"end":{"line":28,"column":27}}},"branchMap":{"1":{"line":8,"type":"if","locations":[{"start":{"line":8,"column":1},"end":{"line":8,"column":1}},{"start":{"line":8,"column":1},"end":{"line":8,"column":1}}]},"2":{"line":8,"type":"binary-expr","locations":[{"start":{"line":8,"column":5},"end":{"line":8,"column":33}},{"start":{"line":8,"column":37},"end":{"line":8,"column":47}}]},"3":{"line":10,"type":"if","locations":[{"start":{"line":10,"column":8},"end":{"line":10,"column":8}},{"start":{"line":10,"column":8},"end":{"line":10,"column":8}}]},"4":{"line":18,"type":"if","locations":[{"start":{"line":18,"column":2},"end":{"line":18,"column":2}},{"start":{"line":18,"column":2},"end":{"line":18,"column":2}}]},"5":{"line":20,"type":"if","locations":[{"start":{"line":20,"column":4},"end":{"line":20,"column":4}},{"start":{"line":20,"column":4},"end":{"line":20,"column":4}}]},"6":{"line":27,"type":"if","locations":[{"start":{"line":27,"column":3},"end":{"line":27,"column":3}},{"start":{"line":27,"column":3},"end":{"line":27,"column":3}}]}},"code":["/*"," Input Mask plugin binding"," http://github.com/RobinHerbots/jquery.inputmask"," Copyright (c) 2010 -  Robin Herbots"," Licensed under the MIT license (http://www.opensource.org/licenses/mit-license.php)"," */","(function (factory) {","\tif (typeof define === \"function\" && define.amd) {","\t\tdefine([\"jquery\", \"inputmask\"], factory);","\t} else if (typeof exports === \"object\") {","\t\tmodule.exports = factory(require(\"jquery\"), require(\"./inputmask\"));","\t} else {","\t\tfactory(jQuery, window.Inputmask);","\t}","}","(function ($, Inputmask) {","\t$(document).ajaxComplete(function (event, xmlHttpRequest, ajaxOptions) {","\t\tif ($.inArray(\"html\", ajaxOptions.dataTypes) !== -1) {","\t\t\t$(\".inputmask, [data-inputmask], [data-inputmask-mask], [data-inputmask-alias]\").each(function (ndx, lmnt) {","\t\t\t\tif (lmnt.inputmask === undefined) {","\t\t\t\t\tInputmask().mask(lmnt);","\t\t\t\t}","\t\t\t});","\t\t}","\t}).ready(function () {","\t\t$(\".inputmask, [data-inputmask], [data-inputmask-mask], [data-inputmask-alias]\").each(function (ndx, lmnt) {","\t\t\tif (lmnt.inputmask === undefined) {","\t\t\t\tInputmask().mask(lmnt);","\t\t\t}","\t\t});","\t});","}));",""],"l":{"7":2,"8":2,"9":0,"10":2,"11":2,"13":0,"17":0,"18":0,"19":0,"20":0,"21":0,"26":0,"27":0,"28":0}},"/home/travis/build/npmtest/node-npmtest-jquery.inputmask/node_modules/jquery.inputmask/extra/dependencyLibs/inputmask.dependencyLib.jqlite.js":{"path":"/home/travis/build/npmtest/node-npmtest-jquery.inputmask/node_modules/jquery.inputmask/extra/dependencyLibs/inputmask.dependencyLib.jqlite.js","s":{"1":2,"2":2,"3":0,"4":2,"5":2,"6":0,"7":1,"8":0,"9":0,"10":0,"11":0,"12":0,"13":0,"14":0,"15":0,"16":1,"17":0,"18":0,"19":0,"20":1,"21":0,"22":1,"23":0,"24":0,"25":0,"26":0,"27":0,"28":0,"29":0,"30":0,"31":0,"32":0,"33":0,"34":0,"35":0,"36":0,"37":0,"38":0,"39":0,"40":0,"41":0,"42":0,"43":0,"44":0,"45":0,"46":0,"47":0,"48":0,"49":0,"50":0,"51":0,"52":0,"53":0,"54":0,"55":0,"56":0,"57":0,"58":0,"59":0,"60":0,"61":0,"62":0,"63":0,"64":0,"65":0,"66":0,"67":0,"68":0,"69":0,"70":0,"71":0,"72":0,"73":0,"74":0,"75":0,"76":0,"77":0,"78":0,"79":0,"80":0,"81":0,"82":0,"83":0,"84":0,"85":0,"86":0,"87":0,"88":0,"89":0,"90":0,"91":0,"92":0,"93":0,"94":0,"95":0,"96":0,"97":0,"98":0,"99":0,"100":0},"b":{"1":[0,2],"2":[2,0],"3":[2,0],"4":[0,0],"5":[0,0],"6":[0,0],"7":[0,0],"8":[0,0],"9":[0,0],"10":[0,0],"11":[0,0],"12":[0,0],"13":[0,0],"14":[0,0],"15":[0,0,0,0,0],"16":[0,0],"17":[0,0],"18":[0,0,0],"19":[0,0],"20":[0,0],"21":[0,0],"22":[0,0],"23":[0,0],"24":[0,0],"25":[0,0],"26":[0,0],"27":[0,0],"28":[0,0],"29":[0,0],"30":[0,0,0,0],"31":[0,0],"32":[0,0],"33":[0,0],"34":[0,0],"35":[0,0],"36":[0,0],"37":[0,0],"38":[0,0],"39":[0,0],"40":[0,0],"41":[0,0],"42":[0,0],"43":[0,0],"44":[0,0]},"f":{"1":2,"2":0,"3":0,"4":0,"5":0,"6":0,"7":0,"8":0,"9":0,"10":0,"11":0,"12":0,"13":0,"14":0},"fnMap":{"1":{"name":"(anonymous_1)","line":7,"loc":{"start":{"line":7,"column":1},"end":{"line":7,"column":20}}},"2":{"name":"(anonymous_2)","line":16,"loc":{"start":{"line":16,"column":1},"end":{"line":16,"column":14}}},"3":{"name":"indexOf","line":19,"loc":{"start":{"line":19,"column":1},"end":{"line":19,"column":30}}},"4":{"name":"type","line":36,"loc":{"start":{"line":36,"column":1},"end":{"line":36,"column":20}}},"5":{"name":"isWindow","line":46,"loc":{"start":{"line":46,"column":1},"end":{"line":46,"column":24}}},"6":{"name":"isArraylike","line":50,"loc":{"start":{"line":50,"column":1},"end":{"line":50,"column":27}}},"7":{"name":"(anonymous_7)","line":70,"loc":{"start":{"line":70,"column":13},"end":{"line":70,"column":37}}},"8":{"name":"(anonymous_8)","line":73,"loc":{"start":{"line":73,"column":16},"end":{"line":73,"column":31}}},"9":{"name":"(anonymous_9)","line":77,"loc":{"start":{"line":77,"column":19},"end":{"line":77,"column":34}}},"10":{"name":"(anonymous_10)","line":94,"loc":{"start":{"line":94,"column":12},"end":{"line":94,"column":24}}},"11":{"name":"(anonymous_11)","line":158,"loc":{"start":{"line":158,"column":10},"end":{"line":158,"column":35}}},"12":{"name":"(anonymous_12)","line":179,"loc":{"start":{"line":179,"column":9},"end":{"line":179,"column":36}}},"13":{"name":"(anonymous_13)","line":210,"loc":{"start":{"line":210,"column":10},"end":{"line":210,"column":38}}},"14":{"name":"CustomEvent","line":213,"loc":{"start":{"line":213,"column":22},"end":{"line":213,"column":58}}}},"statementMap":{"1":{"start":{"line":7,"column":0},"end":{"line":227,"column":4}},"2":{"start":{"line":8,"column":1},"end":{"line":14,"column":2}},"3":{"start":{"line":9,"column":2},"end":{"line":9,"column":57}},"4":{"start":{"line":10,"column":8},"end":{"line":14,"column":2}},"5":{"start":{"line":11,"column":2},"end":{"line":11,"column":46}},"6":{"start":{"line":13,"column":2},"end":{"line":13,"column":18}},"7":{"start":{"line":19,"column":1},"end":{"line":28,"column":2}},"8":{"start":{"line":20,"column":2},"end":{"line":21,"column":21}},"9":{"start":{"line":22,"column":2},"end":{"line":26,"column":3}},"10":{"start":{"line":23,"column":3},"end":{"line":25,"column":4}},"11":{"start":{"line":24,"column":4},"end":{"line":24,"column":13}},"12":{"start":{"line":27,"column":2},"end":{"line":27,"column":12}},"13":{"start":{"line":30,"column":1},"end":{"line":31,"column":90}},"14":{"start":{"line":32,"column":1},"end":{"line":34,"column":2}},"15":{"start":{"line":33,"column":2},"end":{"line":33,"column":89}},"16":{"start":{"line":36,"column":1},"end":{"line":44,"column":2}},"17":{"start":{"line":37,"column":2},"end":{"line":39,"column":3}},"18":{"start":{"line":38,"column":3},"end":{"line":38,"column":19}},"19":{"start":{"line":41,"column":2},"end":{"line":43,"column":14}},"20":{"start":{"line":46,"column":1},"end":{"line":48,"column":2}},"21":{"start":{"line":47,"column":2},"end":{"line":47,"column":43}},"22":{"start":{"line":50,"column":1},"end":{"line":68,"column":2}},"23":{"start":{"line":55,"column":2},"end":{"line":56,"column":21}},"24":{"start":{"line":58,"column":2},"end":{"line":60,"column":3}},"25":{"start":{"line":59,"column":3},"end":{"line":59,"column":16}},"26":{"start":{"line":62,"column":2},"end":{"line":64,"column":3}},"27":{"start":{"line":63,"column":3},"end":{"line":63,"column":15}},"28":{"start":{"line":66,"column":2},"end":{"line":67,"column":67}},"29":{"start":{"line":70,"column":1},"end":{"line":72,"column":3}},"30":{"start":{"line":71,"column":2},"end":{"line":71,"column":50}},"31":{"start":{"line":73,"column":1},"end":{"line":75,"column":3}},"32":{"start":{"line":74,"column":2},"end":{"line":74,"column":34}},"33":{"start":{"line":76,"column":1},"end":{"line":76,"column":27}},"34":{"start":{"line":77,"column":1},"end":{"line":93,"column":3}},"35":{"start":{"line":82,"column":2},"end":{"line":84,"column":3}},"36":{"start":{"line":83,"column":3},"end":{"line":83,"column":16}},"37":{"start":{"line":86,"column":2},"end":{"line":88,"column":3}},"38":{"start":{"line":87,"column":3},"end":{"line":87,"column":16}},"39":{"start":{"line":92,"column":2},"end":{"line":92,"column":14}},"40":{"start":{"line":94,"column":1},"end":{"line":157,"column":3}},"41":{"start":{"line":95,"column":2},"end":{"line":99,"column":16}},"42":{"start":{"line":102,"column":2},"end":{"line":108,"column":3}},"43":{"start":{"line":103,"column":3},"end":{"line":103,"column":17}},"44":{"start":{"line":106,"column":3},"end":{"line":106,"column":31}},"45":{"start":{"line":107,"column":3},"end":{"line":107,"column":7}},"46":{"start":{"line":111,"column":2},"end":{"line":113,"column":3}},"47":{"start":{"line":112,"column":3},"end":{"line":112,"column":15}},"48":{"start":{"line":116,"column":2},"end":{"line":119,"column":3}},"49":{"start":{"line":117,"column":3},"end":{"line":117,"column":17}},"50":{"start":{"line":118,"column":3},"end":{"line":118,"column":7}},"51":{"start":{"line":121,"column":2},"end":{"line":153,"column":3}},"52":{"start":{"line":123,"column":3},"end":{"line":152,"column":4}},"53":{"start":{"line":125,"column":4},"end":{"line":151,"column":5}},"54":{"start":{"line":126,"column":5},"end":{"line":126,"column":24}},"55":{"start":{"line":127,"column":5},"end":{"line":127,"column":26}},"56":{"start":{"line":130,"column":5},"end":{"line":132,"column":6}},"57":{"start":{"line":131,"column":6},"end":{"line":131,"column":15}},"58":{"start":{"line":135,"column":5},"end":{"line":150,"column":6}},"59":{"start":{"line":136,"column":6},"end":{"line":142,"column":7}},"60":{"start":{"line":137,"column":7},"end":{"line":137,"column":27}},"61":{"start":{"line":138,"column":7},"end":{"line":138,"column":48}},"62":{"start":{"line":141,"column":7},"end":{"line":141,"column":54}},"63":{"start":{"line":145,"column":6},"end":{"line":145,"column":49}},"64":{"start":{"line":148,"column":12},"end":{"line":150,"column":6}},"65":{"start":{"line":149,"column":6},"end":{"line":149,"column":26}},"66":{"start":{"line":156,"column":2},"end":{"line":156,"column":16}},"67":{"start":{"line":158,"column":1},"end":{"line":178,"column":3}},"68":{"start":{"line":159,"column":2},"end":{"line":159,"column":19}},"69":{"start":{"line":161,"column":2},"end":{"line":175,"column":3}},"70":{"start":{"line":162,"column":3},"end":{"line":167,"column":4}},"71":{"start":{"line":163,"column":4},"end":{"line":163,"column":45}},"72":{"start":{"line":164,"column":4},"end":{"line":166,"column":5}},"73":{"start":{"line":165,"column":5},"end":{"line":165,"column":11}},"74":{"start":{"line":169,"column":3},"end":{"line":174,"column":4}},"75":{"start":{"line":170,"column":4},"end":{"line":170,"column":45}},"76":{"start":{"line":171,"column":4},"end":{"line":173,"column":5}},"77":{"start":{"line":172,"column":5},"end":{"line":172,"column":11}},"78":{"start":{"line":177,"column":2},"end":{"line":177,"column":13}},"79":{"start":{"line":179,"column":1},"end":{"line":209,"column":3}},"80":{"start":{"line":180,"column":2},"end":{"line":184,"column":12}},"81":{"start":{"line":187,"column":2},"end":{"line":205,"column":3}},"82":{"start":{"line":188,"column":3},"end":{"line":194,"column":4}},"83":{"start":{"line":189,"column":4},"end":{"line":189,"column":34}},"84":{"start":{"line":191,"column":4},"end":{"line":193,"column":5}},"85":{"start":{"line":192,"column":5},"end":{"line":192,"column":21}},"86":{"start":{"line":198,"column":3},"end":{"line":204,"column":4}},"87":{"start":{"line":199,"column":4},"end":{"line":199,"column":34}},"88":{"start":{"line":201,"column":4},"end":{"line":203,"column":5}},"89":{"start":{"line":202,"column":5},"end":{"line":202,"column":21}},"90":{"start":{"line":208,"column":2},"end":{"line":208,"column":24}},"91":{"start":{"line":210,"column":1},"end":{"line":212,"column":3}},"92":{"start":{"line":211,"column":2},"end":{"line":211,"column":34}},"93":{"start":{"line":213,"column":1},"end":{"line":222,"column":4}},"94":{"start":{"line":214,"column":3},"end":{"line":218,"column":6}},"95":{"start":{"line":219,"column":3},"end":{"line":219,"column":49}},"96":{"start":{"line":220,"column":3},"end":{"line":220,"column":80}},"97":{"start":{"line":221,"column":3},"end":{"line":221,"column":14}},"98":{"start":{"line":223,"column":1},"end":{"line":223,"column":44}},"99":{"start":{"line":225,"column":1},"end":{"line":225,"column":26}},"100":{"start":{"line":226,"column":1},"end":{"line":226,"column":10}}},"branchMap":{"1":{"line":8,"type":"if","locations":[{"start":{"line":8,"column":1},"end":{"line":8,"column":1}},{"start":{"line":8,"column":1},"end":{"line":8,"column":1}}]},"2":{"line":8,"type":"binary-expr","locations":[{"start":{"line":8,"column":5},"end":{"line":8,"column":33}},{"start":{"line":8,"column":37},"end":{"line":8,"column":47}}]},"3":{"line":10,"type":"if","locations":[{"start":{"line":10,"column":8},"end":{"line":10,"column":8}},{"start":{"line":10,"column":8},"end":{"line":10,"column":8}}]},"4":{"line":23,"type":"if","locations":[{"start":{"line":23,"column":3},"end":{"line":23,"column":3}},{"start":{"line":23,"column":3},"end":{"line":23,"column":3}}]},"5":{"line":37,"type":"if","locations":[{"start":{"line":37,"column":2},"end":{"line":37,"column":2}},{"start":{"line":37,"column":2},"end":{"line":37,"column":2}}]},"6":{"line":41,"type":"cond-expr","locations":[{"start":{"line":42,"column":2},"end":{"line":42,"column":55}},{"start":{"line":43,"column":3},"end":{"line":43,"column":13}}]},"7":{"line":41,"type":"binary-expr","locations":[{"start":{"line":41,"column":9},"end":{"line":41,"column":32}},{"start":{"line":41,"column":36},"end":{"line":41,"column":61}}]},"8":{"line":42,"type":"binary-expr","locations":[{"start":{"line":42,"column":2},"end":{"line":42,"column":43}},{"start":{"line":42,"column":47},"end":{"line":42,"column":55}}]},"9":{"line":47,"type":"binary-expr","locations":[{"start":{"line":47,"column":9},"end":{"line":47,"column":20}},{"start":{"line":47,"column":24},"end":{"line":47,"column":42}}]},"10":{"line":55,"type":"binary-expr","locations":[{"start":{"line":55,"column":15},"end":{"line":55,"column":30}},{"start":{"line":55,"column":34},"end":{"line":55,"column":44}}]},"11":{"line":58,"type":"if","locations":[{"start":{"line":58,"column":2},"end":{"line":58,"column":2}},{"start":{"line":58,"column":2},"end":{"line":58,"column":2}}]},"12":{"line":58,"type":"binary-expr","locations":[{"start":{"line":58,"column":6},"end":{"line":58,"column":26}},{"start":{"line":58,"column":30},"end":{"line":58,"column":43}}]},"13":{"line":62,"type":"if","locations":[{"start":{"line":62,"column":2},"end":{"line":62,"column":2}},{"start":{"line":62,"column":2},"end":{"line":62,"column":2}}]},"14":{"line":62,"type":"binary-expr","locations":[{"start":{"line":62,"column":6},"end":{"line":62,"column":24}},{"start":{"line":62,"column":28},"end":{"line":62,"column":34}}]},"15":{"line":66,"type":"binary-expr","locations":[{"start":{"line":66,"column":9},"end":{"line":66,"column":26}},{"start":{"line":66,"column":30},"end":{"line":66,"column":42}},{"start":{"line":67,"column":3},"end":{"line":67,"column":29}},{"start":{"line":67,"column":33},"end":{"line":67,"column":43}},{"start":{"line":67,"column":47},"end":{"line":67,"column":66}}]},"16":{"line":71,"type":"cond-expr","locations":[{"start":{"line":71,"column":23},"end":{"line":71,"column":25}},{"start":{"line":71,"column":28},"end":{"line":71,"column":49}}]},"17":{"line":82,"type":"if","locations":[{"start":{"line":82,"column":2},"end":{"line":82,"column":2}},{"start":{"line":82,"column":2},"end":{"line":82,"column":2}}]},"18":{"line":82,"type":"binary-expr","locations":[{"start":{"line":82,"column":6},"end":{"line":82,"column":28}},{"start":{"line":82,"column":32},"end":{"line":82,"column":44}},{"start":{"line":82,"column":48},"end":{"line":82,"column":61}}]},"19":{"line":86,"type":"if","locations":[{"start":{"line":86,"column":2},"end":{"line":86,"column":2}},{"start":{"line":86,"column":2},"end":{"line":86,"column":2}}]},"20":{"line":86,"type":"binary-expr","locations":[{"start":{"line":86,"column":6},"end":{"line":86,"column":21}},{"start":{"line":86,"column":25},"end":{"line":86,"column":100}}]},"21":{"line":96,"type":"binary-expr","locations":[{"start":{"line":96,"column":12},"end":{"line":96,"column":24}},{"start":{"line":96,"column":28},"end":{"line":96,"column":30}}]},"22":{"line":102,"type":"if","locations":[{"start":{"line":102,"column":2},"end":{"line":102,"column":2}},{"start":{"line":102,"column":2},"end":{"line":102,"column":2}}]},"23":{"line":106,"type":"binary-expr","locations":[{"start":{"line":106,"column":12},"end":{"line":106,"column":24}},{"start":{"line":106,"column":28},"end":{"line":106,"column":30}}]},"24":{"line":111,"type":"if","locations":[{"start":{"line":111,"column":2},"end":{"line":111,"column":2}},{"start":{"line":111,"column":2},"end":{"line":111,"column":2}}]},"25":{"line":111,"type":"binary-expr","locations":[{"start":{"line":111,"column":6},"end":{"line":111,"column":32}},{"start":{"line":111,"column":36},"end":{"line":111,"column":57}}]},"26":{"line":116,"type":"if","locations":[{"start":{"line":116,"column":2},"end":{"line":116,"column":2}},{"start":{"line":116,"column":2},"end":{"line":116,"column":2}}]},"27":{"line":123,"type":"if","locations":[{"start":{"line":123,"column":3},"end":{"line":123,"column":3}},{"start":{"line":123,"column":3},"end":{"line":123,"column":3}}]},"28":{"line":130,"type":"if","locations":[{"start":{"line":130,"column":5},"end":{"line":130,"column":5}},{"start":{"line":130,"column":5},"end":{"line":130,"column":5}}]},"29":{"line":135,"type":"if","locations":[{"start":{"line":135,"column":5},"end":{"line":135,"column":5}},{"start":{"line":135,"column":5},"end":{"line":135,"column":5}}]},"30":{"line":135,"type":"binary-expr","locations":[{"start":{"line":135,"column":9},"end":{"line":135,"column":13}},{"start":{"line":135,"column":17},"end":{"line":135,"column":21}},{"start":{"line":135,"column":26},"end":{"line":135,"column":47}},{"start":{"line":135,"column":52},"end":{"line":135,"column":81}}]},"31":{"line":136,"type":"if","locations":[{"start":{"line":136,"column":6},"end":{"line":136,"column":6}},{"start":{"line":136,"column":6},"end":{"line":136,"column":6}}]},"32":{"line":138,"type":"cond-expr","locations":[{"start":{"line":138,"column":39},"end":{"line":138,"column":42}},{"start":{"line":138,"column":45},"end":{"line":138,"column":47}}]},"33":{"line":138,"type":"binary-expr","locations":[{"start":{"line":138,"column":15},"end":{"line":138,"column":18}},{"start":{"line":138,"column":22},"end":{"line":138,"column":36}}]},"34":{"line":141,"type":"cond-expr","locations":[{"start":{"line":141,"column":45},"end":{"line":141,"column":48}},{"start":{"line":141,"column":51},"end":{"line":141,"column":53}}]},"35":{"line":141,"type":"binary-expr","locations":[{"start":{"line":141,"column":15},"end":{"line":141,"column":18}},{"start":{"line":141,"column":22},"end":{"line":141,"column":42}}]},"36":{"line":148,"type":"if","locations":[{"start":{"line":148,"column":12},"end":{"line":148,"column":12}},{"start":{"line":148,"column":12},"end":{"line":148,"column":12}}]},"37":{"line":161,"type":"if","locations":[{"start":{"line":161,"column":2},"end":{"line":161,"column":2}},{"start":{"line":161,"column":2},"end":{"line":161,"column":2}}]},"38":{"line":164,"type":"if","locations":[{"start":{"line":164,"column":4},"end":{"line":164,"column":4}},{"start":{"line":164,"column":4},"end":{"line":164,"column":4}}]},"39":{"line":171,"type":"if","locations":[{"start":{"line":171,"column":4},"end":{"line":171,"column":4}},{"start":{"line":171,"column":4},"end":{"line":171,"column":4}}]},"40":{"line":187,"type":"if","locations":[{"start":{"line":187,"column":2},"end":{"line":187,"column":2}},{"start":{"line":187,"column":2},"end":{"line":187,"column":2}}]},"41":{"line":191,"type":"if","locations":[{"start":{"line":191,"column":4},"end":{"line":191,"column":4}},{"start":{"line":191,"column":4},"end":{"line":191,"column":4}}]},"42":{"line":201,"type":"if","locations":[{"start":{"line":201,"column":4},"end":{"line":201,"column":4}},{"start":{"line":201,"column":4},"end":{"line":201,"column":4}}]},"43":{"line":213,"type":"binary-expr","locations":[{"start":{"line":213,"column":11},"end":{"line":213,"column":18}},{"start":{"line":213,"column":22},"end":{"line":222,"column":3}}]},"44":{"line":214,"type":"binary-expr","locations":[{"start":{"line":214,"column":12},"end":{"line":214,"column":18}},{"start":{"line":214,"column":22},"end":{"line":218,"column":5}}]}},"code":["/*"," Input Mask plugin dependencyLib"," http://github.com/RobinHerbots/jquery.inputmask"," Copyright (c) 2010 -  Robin Herbots"," Licensed under the MIT license (http://www.opensource.org/licenses/mit-license.php)"," */","(function (factory) {","\tif (typeof define === \"function\" && define.amd) {","\t\tdefine(\"inputmask.dependencyLib\", [\"jqlite\"], factory);","\t} else if (typeof exports === \"object\") {","\t\tmodule.exports = factory(require(\"jqlite\"));","\t} else {","\t\tfactory(jqlite);","\t}","}","(function ($) {","\t// Use a stripped-down indexOf as it's faster than native","\t// http://jsperf.com/thor-indexof-vs-for/5","\tfunction indexOf(list, elem) {","\t\tvar i = 0,","\t\t\tlen = list.length;","\t\tfor (; i < len; i++) {","\t\t\tif (list[i] === elem) {","\t\t\t\treturn i;","\t\t\t}","\t\t}","\t\treturn -1;","\t}","","\tvar class2type = {},","\t\tclassTypes = \"Boolean Number String Function Array Date RegExp Object Error\".split(\" \");","\tfor (var nameNdx = 0; nameNdx < classTypes.length; nameNdx++) {","\t\tclass2type[\"[object \" + classTypes[nameNdx] + \"]\"] = classTypes[nameNdx].toLowerCase();","\t}","","\tfunction type(obj) {","\t\tif (obj == null) {","\t\t\treturn obj + \"\";","\t\t}","\t\t// Support: Android<4.0, iOS<6 (functionish RegExp)","\t\treturn typeof obj === \"object\" || typeof obj === \"function\" ?","\t\tclass2type[class2type.toString.call(obj)] || \"object\" :","\t\t\ttypeof obj;","\t}","","\tfunction isWindow(obj) {","\t\treturn obj != null && obj === obj.window;","\t}","","\tfunction isArraylike(obj) {","\t\t// Support: iOS 8.2 (not reproducible in simulator)","\t\t// `in` check used to prevent JIT error (gh-2145)","\t\t// hasOwn isn't used here due to false negatives","\t\t// regarding Nodelist length in IE","\t\tvar length = \"length\" in obj && obj.length,","\t\t\tltype = type(obj);","","\t\tif (ltype === \"function\" || isWindow(obj)) {","\t\t\treturn false;","\t\t}","","\t\tif (obj.nodeType === 1 && length) {","\t\t\treturn true;","\t\t}","","\t\treturn ltype === \"array\" || length === 0 ||","\t\t\ttypeof length === \"number\" && length > 0 && (length - 1) in obj;","\t}","","\t$.inArray = function (elem, arr, i) {","\t\treturn arr == null ? -1 : indexOf(arr, elem, i);","\t};","\t$.isFunction = function (obj) {","\t\treturn type(obj) === \"function\";","\t};","\t$.isArray = Array.isArray;","\t$.isPlainObject = function (obj) {","\t\t// Not plain objects:","\t\t// - Any object or value whose internal [[Class]] property is not \"[object Object]\"","\t\t// - DOM nodes","\t\t// - window","\t\tif (type(obj) !== \"object\" || obj.nodeType || isWindow(obj)) {","\t\t\treturn false;","\t\t}","","\t\tif (obj.constructor && !class2type.hasOwnProperty.call(obj.constructor.prototype, \"isPrototypeOf\")) {","\t\t\treturn false;","\t\t}","","\t\t// If the function hasn't returned already, we're confident that","\t\t// |obj| is a plain object, created by {} or constructed with new Object","\t\treturn true;","\t};","\t$.extend = function () {","\t\tvar options, name, src, copy, copyIsArray, clone,","\t\t\ttarget = arguments[0] || {},","\t\t\ti = 1,","\t\t\tlength = arguments.length,","\t\t\tdeep = false;","","\t\t// Handle a deep copy situation","\t\tif (typeof target === \"boolean\") {","\t\t\tdeep = target;","","\t\t\t// Skip the boolean and the target","\t\t\ttarget = arguments[i] || {};","\t\t\ti++;","\t\t}","","\t\t// Handle case when target is a string or something (possible in deep copy)","\t\tif (typeof target !== \"object\" && !$.isFunction(target)) {","\t\t\ttarget = {};","\t\t}","","\t\t// Extend jQuery itself if only one argument is passed","\t\tif (i === length) {","\t\t\ttarget = this;","\t\t\ti--;","\t\t}","","\t\tfor (; i < length; i++) {","\t\t\t// Only deal with non-null/undefined values","\t\t\tif ((options = arguments[i]) != null) {","\t\t\t\t// Extend the base object","\t\t\t\tfor (name in options) {","\t\t\t\t\tsrc = target[name];","\t\t\t\t\tcopy = options[name];","","\t\t\t\t\t// Prevent never-ending loop","\t\t\t\t
[...]
\", \"cc\": \"UK\", \"cd\": \"United Kingdom\", \"city\": \"East Grinstead\" },","    { \"mask\": \"+44(1343)-######\", \"cc\": \"UK\", \"cd\": \"United Kingdom\", \"city\": \"Elgin\" },","    { \"mask\": \"+44(1344)-######\", \"cc\": \"UK\", \"cd\": \"United Kingdom\", \"city\": \"Bracknell\" },","    { \"mask\": \"+44(1346)-######\", \"cc\": \"UK\", \"cd\": \"United Kingdom\", \"city\": \"Fraserburgh\" },","    { \"mask\": \"+44(1347)-######\", \"cc\": \"UK\", \"cd\": \"United Kingdom\", \"city\": \"Easingwold\" },","    { \"mask\": \"+44(1348)-######\", \"cc\": \"UK\", \"cd\": \"United Kingdom\", \"city\": \"Fishguard\" },","    { \"mask\": \"+44(1349)-######\", \"cc\": \"UK\", \"cd\": \"United Kingdom\", \"city\": \"Dingwall\" },","    { \"mask\": \"+44(1350)-######\", \"cc\": \"UK\", \"cd\": \"United Kingdom\", \"city\": \"Dunkeld\" },","    { \"mask\": \"+44(1352)-######\", \"cc\": \"UK\", \"cd\": \"United Kingdom\", \"city\": \"Mold\" },","    { \"mask\": \"+44(1353)-######\", \"cc\": \"UK\", \"cd\": \"United Kingdom\", \"city\": \"Ely\" },","    { \"mask\": \"+44(1354)-######\", \"cc\": \"UK\", \"cd\": \"United Kingdom\", \"city\": \"Chatteris\" },","    { \"mask\": \"+44(1355)-######\", \"cc\": \"UK\", \"cd\": \"United Kingdom\", \"city\": \"East Kilbride\" },","    { \"mask\": \"+44(1356)-######\", \"cc\": \"UK\", \"cd\": \"United Kingdom\", \"city\": \"Brechin\" },","    { \"mask\": \"+44(1357)-######\", \"cc\": \"UK\", \"cd\": \"United Kingdom\", \"city\": \"Strathaven\" },","    { \"mask\": \"+44(1358)-######\", \"cc\": \"UK\", \"cd\": \"United Kingdom\", \"city\": \"Ellon\" },","    { \"mask\": \"+44(1359)-######\", \"cc\": \"UK\", \"cd\": \"United Kingdom\", \"city\": \"Pakenham\" },","    { \"mask\": \"+44(1360)-######\", \"cc\": \"UK\", \"cd\": \"United Kingdom\", \"city\": \"Killearn\" },","    { \"mask\": \"+44(1361)-######\", \"cc\": \"UK\", \"cd\": \"United Kingdom\", \"city\": \"Duns\" },","    { \"mask\": \"+44(1362)-######\", \"cc\": \"UK\", \"cd\": \"United Kingdom\", \"city\": \"Dereham\" },","    { \"mask\": \"+44(1363)-######\", \"cc\": \"UK\", \"cd\": \"United Kingdom\", \"city\": \"Crediton\" },","    { \"mask\": \"+44(1364)-######\", \"cc\": \"UK\", \"cd\": \"United Kingdom\", \"city\": \"Ashburton\" },","    { \"mask\": \"+44(1366)-######\", \"cc\": \"UK\", \"cd\": \"United Kingdom\", \"city\": \"Downham Market\" },","    { \"mask\": \"+44(1367)-######\", \"cc\": \"UK\", \"cd\": \"United Kingdom\", \"city\": \"Faringdon\" },","    { \"mask\": \"+44(1368)-######\", \"cc\": \"UK\", \"cd\": \"United Kingdom\", \"city\": \"Dunbar\" },","    { \"mask\": \"+44(1369)-######\", \"cc\": \"UK\", \"cd\": \"United Kingdom\", \"city\": \"Dunoon\" },","    { \"mask\": \"+44(1371)-######\", \"cc\": \"UK\", \"cd\": \"United Kingdom\", \"city\": \"Great Dunmow\" },","    { \"mask\": \"+44(1372)-######\", \"cc\": \"UK\", \"cd\": \"United Kingdom\", \"city\": \"Esher\" },","    { \"mask\": \"+44(1373)-######\", \"cc\": \"UK\", \"cd\": \"United Kingdom\", \"city\": \"Frome\" },","    { \"mask\": \"+44(1375)-######\", \"cc\": \"UK\", \"cd\": \"United Kingdom\", \"city\": \"Grays Thurrock\" },","    { \"mask\": \"+44(1376)-######\", \"cc\": \"UK\", \"cd\": \"United Kingdom\", \"city\": \"Braintree\" },","    { \"mask\": \"+44(1377)-######\", \"cc\": \"UK\", \"cd\": \"United Kingdom\", \"city\": \"Driffield\" },","    { \"mask\": \"+44(1379)-######\", \"cc\": \"UK\", \"cd\": \"United Kingdom\", \"city\": \"Diss\" },","    { \"mask\": \"+44(1380)-######\", \"cc\": \"UK\", \"cd\": \"United Kingdom\", \"city\": \"Devizes\" },","    { \"mask\": \"+44(1381)-######\", \"cc\": \"UK\", \"cd\": \"United Kingdom\", \"city\": \"Fortrose\" },","    { \"mask\": \"+44(1382)-######\", \"cc\": \"UK\", \"cd\": \"United Kingdom\", \"city\": \"Dundee\" },","    { \"mask\": \"+44(1383)-######\", \"cc\": \"UK\", \"cd\": \"United Kingdom\", \"city\": \"Dunfermline\" },","    { \"mask\": \"+44(1384)-######\", \"cc\": \"UK\", \"cd\": \"United Kingdom\", \"city\": \"Dudley\" },","    { \"mask\": \"+44(1386)-######\", \"cc\": \"UK\", \"cd\": \"United Kingdom\", \"city\": \"Evesham\" },","    { \"mask\": \"+44(1387)-######\", \"cc\": \"UK\", \"cd\": \"United Kingdom\", \"city\": \"Dumfries\" },","    { \"mask\": \"+44(13873)-####[#]\", \"cc\": \"UK\", \"cd\": \"United Kingdom\", \"city\": \"Langholm\" },","    { \"mask\": \"+44(1388)-######\", \"cc\": \"UK\", \"cd\": \"United Kingdom\", \"city\": \"Bishop Auckland(3,4,6,7,8,9), Stanhope(2,5)\" },","    { \"mask\": \"+44(1389)-######\", \"cc\": \"UK\", \"cd\": \"United Kingdom\", \"city\": \"Dumbarton\" },","    { \"mask\": \"+44(1392)-######\", \"cc\": \"UK\", \"cd\": \"United Kingdom\", \"city\": \"Exeter\" },","    { \"mask\": \"+44(1394)-######\", \"cc\": \"UK\", \"cd\": \"United Kingdom\", \"city\": \"Felixstowe\" },","    { \"mask\": \"+44(1395)-######\", \"cc\": \"UK\", \"cd\": \"United Kingdom\", \"city\": \"Budleigh Salterton\" },","    { \"mask\": \"+44(1397)-######\", \"cc\": \"UK\", \"cd\": \"United Kingdom\", \"city\": \"Fort William\" },","    { \"mask\": \"+44(1398)-######\", \"cc\": \"UK\", \"cd\": \"United Kingdom\", \"city\": \"Dulverton\" },","    { \"mask\": \"+44(1400)-######\", \"cc\": \"UK\", \"cd\": \"United Kingdom\", \"city\": \"Honington\" },","    { \"mask\": \"+44(1403)-######\", \"cc\": \"UK\", \"cd\": \"United Kingdom\", \"city\": \"Horsham\" },","    { \"mask\": \"+44(1404)-######\", \"cc\": \"UK\", \"cd\": \"United Kingdom\", \"city\": \"Honiton\" },","    { \"mask\": \"+44(1405)-######\", \"cc\": \"UK\", \"cd\": \"United Kingdom\", \"city\": \"Goole\" },","    { \"mask\": \"+44(1406)-######\", \"cc\": \"UK\", \"cd\": \"United Kingdom\", \"city\": \"Holbeach\" },","    { \"mask\": \"+44(1407)-######\", \"cc\": \"UK\", \"cd\": \"United Kingdom\", \"city\": \"Holyhead\" },","    { \"mask\": \"+44(1408)-######\", \"cc\": \"UK\", \"cd\": \"United Kingdom\", \"city\": \"Golspie\" },","    { \"mask\": \"+44(1409)-######\", \"cc\": \"UK\", \"cd\": \"United Kingdom\", \"city\": \"Holsworthy\" },","    { \"mask\": \"+44(141)-###-###\", \"cc\": \"UK\", \"cd\": \"United Kingdom\", \"city\": \"Glasgow\" },","    { \"mask\": \"+44(1420)-######\", \"cc\": \"UK\", \"cd\": \"United Kingdom\", \"city\": \"Alton\" },","    { \"mask\": \"+44(1422)-######\", \"cc\": \"UK\", \"cd\": \"United Kingdom\", \"city\": \"Halifax\" },","    { \"mask\": \"+44(1423)-######\", \"cc\": \"UK\", \"cd\": \"United Kingdom\", \"city\": \"Boroughbridge(3,4,9), Harrogate(2,5,6,7,8)\" },","    { \"mask\": \"+44(1424)-######\", \"cc\": \"UK\", \"cd\": \"United Kingdom\", \"city\": \"Hastings\" },","    { \"mask\": \"+44(1425)-######\", \"cc\": \"UK\", \"cd\": \"United Kingdom\", \"city\": \"Ringwood\" },","    { \"mask\": \"+44(1427)-######\", \"cc\": \"UK\", \"cd\": \"United Kingdom\", \"city\": \"Gainsborough\" },","    { \"mask\": \"+44(1428)-######\", \"cc\": \"UK\", \"cd\": \"United Kingdom\", \"city\": \"Haslemere\" },","    { \"mask\": \"+44(1429)-######\", \"cc\": \"UK\", \"cd\": \"United Kingdom\", \"city\": \"Hartlepool\" },","    { \"mask\": \"+44(1430)-######\", \"cc\": \"UK\", \"cd\": \"United Kingdom\", \"city\": \"Market Weighton(6,7,8,9), North Cave(2,3,4,5)\" },","    { \"mask\": \"+44(1431)-######\", \"cc\": \"UK\", \"cd\": \"United Kingdom\", \"city\": \"Helmsdale\" },","    { \"mask\": \"+44(1432)-######\", \"cc\": \"UK\", \"cd\": \"United Kingdom\", \"city\": \"Hereford\" },","    { \"mask\": \"+44(1433)-######\", \"cc\": \"UK\", \"cd\": \"United Kingdom\", \"city\": \"Hathersage\" },","    { \"mask\": \"+44(1434)-######\", \"cc\": \"UK\", \"cd\": \"United Kingdom\", \"city\": \"Bellingham(2,4,9), Haltwhistle(3,5), Hexham(6,7,8)\" },","    { \"mask\": \"+44(1435)-######\", \"cc\": \"UK\", \"cd\": \"United Kingdom\", \"city\": \"Heathfield\" },","    { \"mask\": \"+44(1436)-######\", \"cc\": \"UK\", \"cd\": \"United Kingdom\", \"city\": \"Helensburgh\" },","    { \"mask\": \"+44(1437)-######\", \"cc\": \"UK\", \"cd\": \"United Kingdom\", \"city\": \"Clynderwen(2,3,4,5), Haverfordwest(6,7,8,9)\" },","    { \"mask\": \"+44(1438)-######\", \"cc\": \"UK\", \"cd\": \"United Kingdom\", \"city\": \"Stevenage\" },","    { \"mask\": \"+44(1439)-######\", \"cc\": \"UK\", \"cd\": \"United Kingdom\", \"city\": \"Helmsley\" },","    { \"mask\": \"+44(1440)-######\", \"cc\": \"UK\", \"cd\": \"United Kingdom\", \"city\": \"Haverhill\" },","    { \"mask\": \"+44(1442)-######\", \"cc\": \"UK\", \"cd\": \"United Kingdom\", \"city\": \"Hemel Hempstead\" },","    { \"mask\": \"+44(1443)-######\", \"cc\": \"UK\", \"cd\": \"United Kingdom\", \"city\": \"Pontypridd\" },","    { \"mask\": \"+44(1444)-######\", \"cc\": \"UK\", \"cd\": \"United Kingdom\", \"city\": \"Haywards Heath\" },","    { \"mask\": \"+44(1445)-######\", \"cc\": \"UK\", \"cd\": \"United Kingdom\", \"city\": \"Gairloch\" },","    { \"mask\": \"+44(1446)-######\", \"cc\": \"UK\", \"cd\": \"United Kingdom\", \"city\": \"Barry\" },","    { \"mask\": \"+44(1449)-######\", \"cc\": \"UK\", \"cd\": \"United Kingdom\", \"city\": \"Stowmarket\" },","    { \"mask\": \"+44(1450)-######\", \"cc\": \"UK\", \"cd\": \"United Kingdom\", \"city\": \"Hawick\" },","    { \"mask\": \"+44(1451)-######\", \"cc\": \"UK\", \"cd\": \"United Kingdom\", \"city\": \"Stow-on-the-Wold\" },","    { \"mask\": \"+44(1452)-######\", \"cc\": \"UK\", \"cd\": \"United Kingdom\", \"city\": \"Gloucester\" },","    { \"mask\": \"+44(1453)-######\", \"cc\": \"UK\", \"cd\": \"United Kingdom\", \"city\": \"Dursley\" },","    { \"mask\": \"+44(1454)-######\", \"cc\": \"UK\", \"cd\": \"United Kingdom\", \"city\": \"Chipping Sodbury\" },","    { \"mask\": \"+44(1455)-######\", \"cc\": \"UK\", \"cd\": \"United Kingdom\", \"city\": \"Hinckley\" },","    { \"mask\": \"+44(1456)-######\", \"cc\": \"UK\", \"cd\": \"United Kingdom\", \"city\": \"Glenurquhart\" }","//","//     //http://en.wikipedia.org/wiki/Telephone_numbers_in_the_United_Kingdom","// 01457\tGlossop","// 01458\tGlastonbury","// 01460\tChard","// 01461\tGretna","// 01462\tHitchin","// 01463\tInverness","// 01464\tInsch","// 01465\tGirvan","// 01466\tHuntly","// 01467\tInverurie","// 01469\tKillingholme","// 01470\tIsle of Skye - Edinbane","// 01471\tIsle of Skye - Broadford","// 01472\tGrimsby","// 01473\tIpswich","// 01474\tGravesend","// 01475\tGreenock","// 01476\tGrantham","// 01477\tHolmes Chapel","// 01478\tIsle of Skye - Portree","// 01479\tGrantown-on-Spey","// 01480\tHuntingdon","// 01481\tGuernsey","// 01482\tHull","// 01483\tGuildford","// 01484\tHuddersfield","// 01485\tHunstanton","// 01487\tWarboys","// 01488\tHungerford","// 01489\tBishops Waltham","// 01490\tCorwen","// 01491\tHenley-on-Thames","// 01492\tColwyn Bay","// 01493\tGreat Yarmouth","// 01494\tHigh Wycombe","// 01495\tPontypool","// 01496\tPort Ellen","// 01497\tHay-on-Wye","// 01499\tInveraray","// 01501\tHarthill","// 01502\tLowestoft","// 01503\tLooe","// 01505\tJohnstone","// 01506\tBathgate","// 01507\tAlford (Lincs)(4,8,9), Louth (3,6,7), Spilsby(2,5)","// 01508\tBrooke","// 01509\tLoughborough","// 0151\tLiverpool","// 01520\tLochcarron","// 01522\tLincoln","// 01524\tLancaster","// 015242\tHornby","// 01525\tLeighton Buzzard","// 01526\tMartin","// 01527\tRedditch","// 01528\tLaggan","// 01529\tSleaford","// 01530\tCoalville","// 01531\tLedbury","// 01534\tJersey","// 01535\tKeighley","// 01536\tKettering","// 01538\tIpstones","// 01539\tKendal","// 015394\tHawkshead","// 015395\tGrange-over-Sands","// 015396\tSedbergh","// 01540\tKingussie","// 01542\tKeith","// 01543\tCannock","// 01544\tKington","// 01545\tLlanarth","// 01546\tLochgilphead","// 01547\tKnighton","// 01548\tKingsbridge","// 01549\tLairg","// 01550\tLlandovery","// 01553\tKings Lynn","// 01554\tLlanelli","// 01555\tLanark","// 01556\tCastle Douglas","// 01557\tKirkcudbright","// 01558\tLlandeilo","// 01559\tLlandysul","// 01560\tMoscow","// 01561\tLaurencekirk","// 01562\tKidderminster","// 01563\tKilmarnock","// 01564\tLapworth","// 01565\tKnutsford","// 01566\tLaunceston","// 01567\tKillin","// 01568\tLeominster","// 01569\tStonehaven","// 01570\tLampeter","// 01571\tLochinver","// 01572\tOakham","// 01573\tKelso","// 01575\tKirriemuir","// 01576\tLockerbie","// 01577\tKinross","// 01578\tLauder","// 01579\tLiskeard","// 01580\tCranbrook","// 01581\tNew Luce","// 01582\tLuton","// 01583\tCarradale","// 01584\tLudlow","// 01586\tCampbeltown","// 01588\tBishops Castle","// 01590\tLymington","// 01591\tLlanwrtyd Wells","// 01592\tKirkcaldy","// 01593\tLybster","// 01594\tLydney","// 01595\tLerwick, Foula(75), Fair Isle(76)","// 01597\tLlandrindod Wells","// 01598\tLynton","// 01599\tKyle","// 01600\tMonmouth","// 01603\tNorwich","// 01604\tNorthampton","// 01606\tNorthwich","// 01608\tChipping Norton","// 01609\tNorthallerton","// 0161\tManchester","// 01620\tNorth Berwick","// 01621\tMaldon","// 01622\tMaidstone","// 01623\tMansfield","// 01624\tIsle of Man","// 01625\tMacclesfield","// 01626\tNewton Abbot","// 01628\tMaidenhead","// 01629\tMatlock","// 01630\tMarket Drayton","// 01631\tOban","// 01633\tNewport","// 01634\tMedway","// 01635\tNewbury","// 01636\tNewark","// 01637\tNewquay","// 01638\tNewmarket","// 01639\tNeath","// 01641\tStrathy","// 01642\tMiddlesbrough","// 01643\tMinehead","// 01644\tNew Galloway","// 01646\tMilford Haven","// 01647\tMoretonhampstead","// 01650\tCemmaes Road","// 01651\tOldmeldrum","// 01652\tBrigg","// 01653\tMalton","// 01654\tMachynlleth","// 01655\tMaybole","// 01656\tBridgend","// 01659\tSanquhar","// 01661\tPrudhoe","// 01663\tNew Mills","// 01664\tMelton Mowbray","// 01665\tAlnwick","// 01666\tMalmesbury","// 01667\tNairn","// 01668\tBamburgh","// 01669\tRothbury","// 01670\tMorpeth","// 01671\tNewton Stewart","// 01672\tMarlborough","// 01673\tMarket Rasen","// 01674\tMontrose","// 01675\tColeshill","// 01676\tMeriden","// 01677\tBedale","// 01678\tBala","// 01680\tIsle of Mull - Craignure","// 01681\tIsle of Mull - Fionnphort","// 01683\tMoffat","// 01684\tMalvern","// 01685\tMerthyr Tydfil","// 01686\tLlanidloes(2,3,4,7), Newtown(5,6,8,9)","// 01687\tMallaig","// 01688\tIsle of Mull - Tobermory","// 01689\tOrpington","// 01690\tBetws-y-Coed","// 01691\tOswestry","// 01692\tNorth Walsham","// 01694\tChurch Stretton","// 01695\tSkelmersdale","// 01697\tBrampton","// 016973\tWigton","// 016974\tRaughton Head","// 01698\tMotherwell","// 01700\tRothesay","// 01702\tSouthend-on-Sea","// 01704\tSouthport","// 01706\tRochdale","// 01707\tWelwyn Garden City","// 01708\tRomford","// 01709\tRotherham","// 01720\tIsles of Scilly","// 01721\tPeebles","// 01722\tSalisbury","// 01723\tScarborough","// 01724\tScunthorpe","// 01725\tRockbourne","// 01726\tSt Austell","// 01727\tSt Albans","// 01728\tSaxmundham","// 01729\tSettle","// 01730\tPetersfield","// 01732\tSevenoaks","// 01733\tPeterborough","// 01736\tPenzance","// 01737\tRedhill","// 01738\tPerth","// 01740\tSedgefield","// 01743\tShrewsbury","// 01744\tSt Helens","// 01745\tRhyl","// 01746\tBridgnorth","// 01747\tShaftesbury","// 01748\tRichmond","// 01749\tShepton Mallet","// 01750\tSelkirk","// 01751\tPickering","// 01752\tPlymouth","// 01753\tSlough","// 01754\tSkegness","// 01756\tSkipton","// 01757\tSelby","// 01758\tPwllheli","// 01759\tPocklington","// 01760\tSwaffham","// 01761\tTemple Cloud","// 01763\tRoyston","// 01764\tCrieff","// 01765\tRipon","// 01766\tPorthmadog","// 01767\tSandy","// 01768\tPenrith","// 017683\tAppleby","// 017684\tPooley Bridge","// 017687\tKeswick","// 01769\tSouth Molton","// 01770\tIsle of Arran","// 01771\tMaud","// 01772\tPreston","// 01773\tRipley","// 01775\tSpalding","// 01776\tStranraer","// 01777\tRetford","// 01778\tBourne","// 01779\tPeterhead","// 01780\tStamford","// 01782\tStoke-on-Trent","// 01784\tStaines","// 01785\tStafford","// 01786\tStirling","// 01787\tSudbury","// 01788\tRugby","// 01789\tStratford-upon-Avon","// 01790\tSpilsby","// 01792\tSwansea","// 01793\tSwindon","// 01794\tRomsey","// 01795\tSittingbourne","// 01796\tPitlochry","// 01797\tRye","// 01798\tPulborough","// 01799\tSaffron Walden","// 01803\tTorquay","// 01805\tTorrington","// 01806\tShetland","// 01807\tBallindalloch","// 01808\tTomatin","// 01809\tTomdoun","// 01821\tKinrossie","// 01822\tTavistock","// 01823\tTaunton","// 01824\tRuthin","// 01825\tUckfield","// 01827\tTamworth","// 01828\tCoupar Angus","// 01829\tTarporley","// 01830\tKirkwhelpington","// 01832\tClopton","// 01833\tBarnard Castle","// 01834\tNarberth","// 01835\tSt Boswells","// 01837\tOkehampton","// 01838\tDalmally","// 01840\tCamelford","// 01841\tNewquay","// 01842\tThetford","// 01843\tThanet","// 01844\tThame","// 01845\tThirsk","// 01847\tThurso(2,3,4,5,8), Tongue(6,7,9)","// 01848\tThornhill","// 01851\tGreat Bernera(4,6,9), Stornoway(2,3,5,7,8)","// 01852\tKilmelford","// 01854\tUllapool","// 01855\tBallachulish","// 01856\tOrkney","// 01857\tSanday","// 01858\tMarket Harborough","// 01859\tHarris","// 01862\tTain","// 01863\tArdgay","// 01864\tAbington","// 01865\tOxford","// 01866\tKilchrenan","// 01869\tBicester","// 01870\tIsle of Benbecula","// 01871\tCastlebay","// 01872\tTruro","// 01873\tAbergavenny","// 01874\tBrecon","// 01875\tTranent","// 01876\tLochmaddy","// 01877\tCallander","// 01878\tLochboisdale","// 01879\tScarinish","// 01880\tTarbert","// 01882\tKinloch Rannoch","// 01883\tCaterham","// 01884\tTiverton","// 01885\tPencombe","// 01886\tBromyard","// 01887\tAberfeldy","// 01888\tTurriff","// 01889\tRugeley","// 01890\tAyton(5,6,7,9), Coldstream(2,3,4,8)","// 01892\tTunbridge Wells","// 01895\tUxbridge","// 01896\tGalashiels","// 01899\tBiggar","// 01900\tWorkington","// 01902\tWolverhampton","// 01903\tWorthing","// 01904\tYork","// 01905\tWorcester","// 01908\tMilton Keynes","// 01909\tWorksop","// 0191\tTyneside(2,4,6), Durham(3), Sunderland(5)","// 01920\tWare","// 01922\tWalsall","// 01923\tWatford","// 01924\tWakefield","// 01925\tWarrington","// 01926\tWarwick","// 01928\tRuncorn","// 01929\tWareham","// 01931\tShap","// 01932\tWeybridge","// 01933\tWellingborough","// 01934\tWeston-super-Mare","// 01935\tYeovil","// 01937\tWetherby","// 01938\tWelshpool","// 01939\tWem","// 01942\tWigan","// 01943\tGuiseley","// 01944\tWest Heslerton","// 01945\tWisbech","// 01946\tWhitehaven","// 019467\tGosforth","// 01947\tWhitby","// 01948\tWhitchurch","// 01949\tWhatton","// 01950\tSandwick","// 01951\tColonsay","// 01952\tTelford","// 01953\tWymondham","// 01954\tMadingley","// 01955\tWick","// 01957\tMid Yell","// 01959\tWesterham","// 01962\tWinchester","// 01963\tWincanton","// 01964\tHornsea(2,5,8,9), Patrington(3,4,6,7)","// 01967\tStrontian","// 01968\tPenicuik","// 01969\tLeyburn","// 01970\tAberystwyth","// 01971\tScourie","// 01972\tGlenborrodale","// 01974\tLlanon","// 01975\tAlford (Aberdeen)(2,4,5,9), Strathdon(3,6,7,8)","// 01977\tPontefract","// 01978\tWrexham","// 01980\tAmesbury","// 01981\tWormbridge","// 01982\tBuilth Wells","// 01983\tIsle of Wight","// 01984\tWatchet","// 01985\tWarminster","// 01986\tBungay","// 01987\tEbbsfleet","// 01988\tWigtown","// 01989\tRoss-on-Wye","// 01992\tLea Valley","// 01993\tWitney","// 01994\tSt Clears","// 01995\tGarstang","// 01997\tStrathpeffer","// 020\tLondon","// 023\tSouthampton(8X), Portsmouth(9X)","// 024\tCoventry","// 028\tBallycastle(20), Martinstown(21), Ballymena(25), Ballymoney(27), Larne(28), Kilrea(29), Newry(30), Armagh(37), Portadown(38), Banbridge(40), Rostrevor(41), Kircubbin(42), Newcastle(Co. Down)(43), Downpatrick(44), Enniskillen(66), Lisnaskea(67), Kesh(68), Coleraine(70), Londonderry(71), Limavady(77), Magherafelt(79), Carrickmore(80), Newtownstewart(81), Omagh(82), Ballygawley(85), Cookstown(86), Dungannon(87), Fivemiletown(89), Belfast(90&95), Bangor(Co. Down)(91), Lisburn(92), Ballyclare(93), Antrim(94), Saintfield(97)","// 029\tCardiff","//","//","","]","\t\t}","\t});","","\treturn Inputmask;","}));",""],"l":{"14":2,"15":2,"16":0,"17":2,"18":2,"20":0,"24":0,"648":0}}}